2025-05-12 09:48:02 [scrapy.utils.log] INFO: Scrapy 2.13.0 started (bot: goodtech)
2025-05-12 09:48:02 [scrapy.utils.log] INFO: Versions:
{'lxml': '5.4.0',
 'libxml2': '2.13.8',
 'cssselect': '1.3.0',
 'parsel': '1.10.0',
 'w3lib': '2.3.1',
 'Twisted': '24.11.0',
 'Python': '3.12.3 (main, Feb  4 2025, 14:48:35) [GCC 13.3.0]',
 'pyOpenSSL': '25.0.0 (OpenSSL 3.4.1 11 Feb 2025)',
 'cryptography': '44.0.3',
 'Platform': 'Linux-6.8.0-59-generic-x86_64-with-glibc2.39'}
2025-05-12 09:48:02 [scrapy.addons] INFO: Enabled addons:
[]
2025-05-12 09:48:02 [asyncio] DEBUG: Using selector: EpollSelector
2025-05-12 09:48:02 [scrapy.utils.log] DEBUG: Using reactor: twisted.internet.asyncioreactor.AsyncioSelectorReactor
2025-05-12 09:48:02 [scrapy.utils.log] DEBUG: Using asyncio event loop: asyncio.unix_events._UnixSelectorEventLoop
2025-05-12 09:48:02 [scrapy.extensions.telnet] INFO: Telnet Password: aceff0f23b71e97f
2025-05-12 09:48:02 [scrapy.middleware] INFO: Enabled extensions:
['scrapy.extensions.corestats.CoreStats',
 'scrapy.extensions.telnet.TelnetConsole',
 'scrapy.extensions.memusage.MemoryUsage',
 'scrapy.extensions.logstats.LogStats']
2025-05-12 09:48:02 [scrapy.crawler] INFO: Overridden settings:
{'BOT_NAME': 'goodtech',
 'DOWNLOAD_DELAY': 2,
 'FEED_EXPORT_ENCODING': 'utf-8',
 'NEWSPIDER_MODULE': 'goodtech.spiders',
 'ROBOTSTXT_OBEY': True,
 'SPIDER_MODULES': ['goodtech.spiders']}
2025-05-12 09:48:02 [scrapy.middleware] INFO: Enabled downloader middlewares:
['scrapy.downloadermiddlewares.offsite.OffsiteMiddleware',
 'scrapy.downloadermiddlewares.robotstxt.RobotsTxtMiddleware',
 'scrapy.downloadermiddlewares.httpauth.HttpAuthMiddleware',
 'scrapy.downloadermiddlewares.downloadtimeout.DownloadTimeoutMiddleware',
 'scrapy.downloadermiddlewares.defaultheaders.DefaultHeadersMiddleware',
 'scrapy.downloadermiddlewares.useragent.UserAgentMiddleware',
 'scrapy.downloadermiddlewares.retry.RetryMiddleware',
 'scrapy.downloadermiddlewares.redirect.MetaRefreshMiddleware',
 'scrapy.downloadermiddlewares.httpcompression.HttpCompressionMiddleware',
 'scrapy.downloadermiddlewares.redirect.RedirectMiddleware',
 'scrapy.downloadermiddlewares.cookies.CookiesMiddleware',
 'scrapy.downloadermiddlewares.httpproxy.HttpProxyMiddleware',
 'scrapy.downloadermiddlewares.stats.DownloaderStats']
2025-05-12 09:48:02 [scrapy.middleware] INFO: Enabled spider middlewares:
['scrapy.spidermiddlewares.start.StartSpiderMiddleware',
 'scrapy.spidermiddlewares.httperror.HttpErrorMiddleware',
 'scrapy.spidermiddlewares.referer.RefererMiddleware',
 'scrapy.spidermiddlewares.urllength.UrlLengthMiddleware',
 'scrapy.spidermiddlewares.depth.DepthMiddleware']
2025-05-12 09:48:02 [scrapy.middleware] INFO: Enabled item pipelines:
['goodtech.pipelines.GoodtechPipeline']
2025-05-12 09:48:02 [scrapy.core.engine] INFO: Spider opened
2025-05-12 09:48:02 [pymongo.topology] DEBUG: {"message": "Starting topology monitoring", "topologyId": {"$oid": "6821a7b2a1c81327d0a7cd5e"}}
2025-05-12 09:48:02 [pymongo.topology] DEBUG: {"message": "Topology description changed", "topologyId": {"$oid": "6821a7b2a1c81327d0a7cd5e"}, "previousDescription": "<TopologyDescription id: 6821a7b2a1c81327d0a7cd5e, topology_type: Unknown, servers: []>", "newDescription": "<TopologyDescription id: 6821a7b2a1c81327d0a7cd5e, topology_type: Unknown, servers: [<ServerDescription ('localhost', 27017) server_type: Unknown, rtt: None>]>"}
2025-05-12 09:48:02 [pymongo.topology] DEBUG: {"message": "Starting server monitoring", "topologyId": {"$oid": "6821a7b2a1c81327d0a7cd5e"}, "serverHost": "localhost", "serverPort": 27017}
2025-05-12 09:48:02 [pymongo.connection] DEBUG: {"message": "Connection pool created", "clientId": {"$oid": "6821a7b2a1c81327d0a7cd5e"}, "serverHost": "localhost", "serverPort": 27017}
2025-05-12 09:48:02 [scrapy.extensions.logstats] INFO: Crawled 0 pages (at 0 pages/min), scraped 0 items (at 0 items/min)
2025-05-12 09:48:02 [pymongo.topology] DEBUG: {"message": "Server heartbeat started", "topologyId": {"$oid": "6821a7b2a1c81327d0a7cd5e"}, "driverConnectionId": 1, "serverHost": "localhost", "serverPort": 27017, "awaited": false}
2025-05-12 09:48:02 [scrapy.extensions.telnet] INFO: Telnet console listening on 127.0.0.1:6023
2025-05-12 09:48:02 [pymongo.topology] DEBUG: {"message": "Server heartbeat succeeded", "topologyId": {"$oid": "6821a7b2a1c81327d0a7cd5e"}, "driverConnectionId": 1, "serverConnectionId": 121, "serverHost": "localhost", "serverPort": 27017, "awaited": false, "durationMS": 3.00467999841203, "reply": "{\"helloOk\": true, \"ismaster\": true, \"topologyVersion\": {\"processId\": {\"$oid\": \"681db280ade6bb26597524a6\"}}, \"maxBsonObjectSize\": 16777216, \"maxMessageSizeBytes\": 48000000, \"maxWriteBatchSize\": 100000, \"localTime\": {\"$date\": \"2025-05-12T07:48:02.315Z\"}, \"logicalSessionTimeoutMinutes\": 30, \"connectionId\": 121, \"maxWireVersion\": 17, \"ok\": 1.0}"}
2025-05-12 09:48:02 [pymongo.connection] DEBUG: {"message": "Connection pool ready", "clientId": {"$oid": "6821a7b2a1c81327d0a7cd5e"}, "serverHost": "localhost", "serverPort": 27017}
2025-05-12 09:48:02 [pymongo.topology] DEBUG: {"message": "Topology description changed", "topologyId": {"$oid": "6821a7b2a1c81327d0a7cd5e"}, "previousDescription": "<TopologyDescription id: 6821a7b2a1c81327d0a7cd5e, topology_type: Unknown, servers: [<ServerDescription ('localhost', 27017) server_type: Unknown, rtt: None>]>", "newDescription": "<TopologyDescription id: 6821a7b2a1c81327d0a7cd5e, topology_type: Single, servers: [<ServerDescription ('localhost', 27017) server_type: Standalone, rtt: 0.00300467999841203>]>"}
2025-05-12 09:48:02 [pymongo.topology] DEBUG: {"message": "Server heartbeat started", "topologyId": {"$oid": "6821a7b2a1c81327d0a7cd5e"}, "driverConnectionId": 1, "serverConnectionId": 121, "serverHost": "localhost", "serverPort": 27017, "awaited": true}
2025-05-12 09:48:02 [scrapy.core.engine] DEBUG: Crawled (200) <GET https://goodtech.info/robots.txt> (referer: None)
2025-05-12 09:48:04 [scrapy.core.engine] DEBUG: Crawled (200) <GET https://goodtech.info/> (referer: None)
2025-05-12 09:48:04 [pymongo.serverSelection] DEBUG: {"message": "Server selection started", "selector": "<function writable_server_selector at 0x7b940a5911c0>", "operation": "update", "topologyDescription": "<TopologyDescription id: 6821a7b2a1c81327d0a7cd5e, topology_type: Single, servers: [<ServerDescription ('localhost', 27017) server_type: Standalone, rtt: 0.00300467999841203>]>", "clientId": {"$oid": "6821a7b2a1c81327d0a7cd5e"}}
2025-05-12 09:48:04 [pymongo.serverSelection] DEBUG: {"message": "Server selection succeeded", "selector": "<function writable_server_selector at 0x7b940a5911c0>", "operation": "update", "topologyDescription": "<TopologyDescription id: 6821a7b2a1c81327d0a7cd5e, topology_type: Single, servers: [<ServerDescription ('localhost', 27017) server_type: Standalone, rtt: 0.00300467999841203>]>", "clientId": {"$oid": "6821a7b2a1c81327d0a7cd5e"}, "serverHost": "localhost", "serverPort": 27017}
2025-05-12 09:48:04 [pymongo.connection] DEBUG: {"message": "Connection checkout started", "clientId": {"$oid": "6821a7b2a1c81327d0a7cd5e"}, "serverHost": "localhost", "serverPort": 27017}
2025-05-12 09:48:04 [pymongo.connection] DEBUG: {"message": "Connection created", "clientId": {"$oid": "6821a7b2a1c81327d0a7cd5e"}, "serverHost": "localhost", "serverPort": 27017, "driverConnectionId": 1}
2025-05-12 09:48:04 [pymongo.connection] DEBUG: {"message": "Connection ready", "clientId": {"$oid": "6821a7b2a1c81327d0a7cd5e"}, "serverHost": "localhost", "serverPort": 27017, "driverConnectionId": 1, "durationMS": 0.0006720569981553126}
2025-05-12 09:48:04 [pymongo.connection] DEBUG: {"message": "Connection checked out", "clientId": {"$oid": "6821a7b2a1c81327d0a7cd5e"}, "serverHost": "localhost", "serverPort": 27017, "driverConnectionId": 1, "durationMS": 0.0011424660006014165}
2025-05-12 09:48:04 [pymongo.command] DEBUG: {"message": "Command started", "clientId": {"$oid": "6821a7b2a1c81327d0a7cd5e"}, "command": "{\"update\": \"recent_articles\", \"ordered\": true, \"lsid\": {\"id\": {\"$binary\": {\"base64\": \"JrfMlOXvSPKJ/A+ks0XDRA==\", \"subType\": \"04\"}}}, \"$db\": \"goodtech\", \"updates\": [{\"q\": {\"url\": \"https://goodtech.info/riscv-summit-europe-2025-paris/\"}, \"u\": {\"$set\": {\"title\": \"Le RISC-V Summit Europe 2025 s\\u2019ouvre ce lundi \\u00e0 Paris\", \"url\": \"https://goodtech.info/riscv-summit-europe-2025-paris/\", \"date\": {\"$date\": \"2025-05-12T07:55:44+0200\"}, \"summary\": \"L\\u2019\\u00e9dition 2025 du RISC-V Summit Europe d\\u00e9marre ce lundi 12 mai \\u00e0 la Cit\\u00e9 des Sciences de Paris. Jusqu\\u2019\\u00e0 jeudi, l\\u2019\\u00e9v\\u00e9nement r\\u00e9unit\\u2026\", \"thumbnail_url\": \"https://i0.wp.com/goodtech.info/wp-content/uploads/2025/05/banner-official.png?fit=768%2C315&ssl=1\"}}, \"upsert\": true}]}", "commandName": "update", "databaseName": "goodtech", "requestId": 1957747793, "operationId": 1957747793, "driverConnectionId": 1, "serverConnectionId": 123, "serverHost": "localhost", "serverPort": 27017}
2025-05-12 09:48:04 [pymongo.command] DEBUG: {"message": "Command succeeded", "clientId": {"$oid": "6821a7b2a1c81327d0a7cd5e"}, "durationMS": 1.839, "reply": "{\"n\": 1, \"upserted\": [{\"_id\": {\"$oid\": \"6821a7b4ade6bb2659755c59\"}}], \"ok\": 1.0}", "commandName": "update", "databaseName": "goodtech", "requestId": 1957747793, "operationId": 1957747793, "driverConnectionId": 1, "serverConnectionId": 123, "serverHost": "localhost", "serverPort": 27017}
2025-05-12 09:48:04 [pymongo.connection] DEBUG: {"message": "Connection checked in", "clientId": {"$oid": "6821a7b2a1c81327d0a7cd5e"}, "serverHost": "localhost", "serverPort": 27017, "driverConnectionId": 1}
2025-05-12 09:48:04 [scrapy.core.scraper] DEBUG: Scraped from <200 https://goodtech.info/>
{'title': 'Le RISC-V Summit Europe 2025 s’ouvre ce lundi à Paris', 'url': 'https://goodtech.info/riscv-summit-europe-2025-paris/', 'date': datetime.datetime(2025, 5, 12, 7, 55, 44, tzinfo=datetime.timezone(datetime.timedelta(seconds=7200))), 'summary': 'L’édition 2025 du RISC-V Summit Europe démarre ce lundi 12 mai à la Cité des Sciences de Paris. Jusqu’à jeudi, l’événement réunit…', 'thumbnail_url': 'https://i0.wp.com/goodtech.info/wp-content/uploads/2025/05/banner-official.png?fit=768%2C315&ssl=1'}
2025-05-12 09:48:04 [pymongo.serverSelection] DEBUG: {"message": "Server selection started", "selector": "<function writable_server_selector at 0x7b940a5911c0>", "operation": "update", "topologyDescription": "<TopologyDescription id: 6821a7b2a1c81327d0a7cd5e, topology_type: Single, servers: [<ServerDescription ('localhost', 27017) server_type: Standalone, rtt: 0.00300467999841203>]>", "clientId": {"$oid": "6821a7b2a1c81327d0a7cd5e"}}
2025-05-12 09:48:04 [pymongo.serverSelection] DEBUG: {"message": "Server selection succeeded", "selector": "<function writable_server_selector at 0x7b940a5911c0>", "operation": "update", "topologyDescription": "<TopologyDescription id: 6821a7b2a1c81327d0a7cd5e, topology_type: Single, servers: [<ServerDescription ('localhost', 27017) server_type: Standalone, rtt: 0.00300467999841203>]>", "clientId": {"$oid": "6821a7b2a1c81327d0a7cd5e"}, "serverHost": "localhost", "serverPort": 27017}
2025-05-12 09:48:04 [pymongo.connection] DEBUG: {"message": "Connection checkout started", "clientId": {"$oid": "6821a7b2a1c81327d0a7cd5e"}, "serverHost": "localhost", "serverPort": 27017}
2025-05-12 09:48:04 [pymongo.connection] DEBUG: {"message": "Connection checked out", "clientId": {"$oid": "6821a7b2a1c81327d0a7cd5e"}, "serverHost": "localhost", "serverPort": 27017, "driverConnectionId": 1, "durationMS": 9.527500151307322e-05}
2025-05-12 09:48:04 [pymongo.command] DEBUG: {"message": "Command started", "clientId": {"$oid": "6821a7b2a1c81327d0a7cd5e"}, "command": "{\"update\": \"recent_articles\", \"ordered\": true, \"lsid\": {\"id\": {\"$binary\": {\"base64\": \"JrfMlOXvSPKJ/A+ks0XDRA==\", \"subType\": \"04\"}}}, \"$db\": \"goodtech\", \"updates\": [{\"q\": {\"url\": \"https://goodtech.info/ouf-la-mise-a-jour-a-distance-fonctionne-de-nouveau-avec-e-os-et-ces-appareils/\"}, \"u\": {\"$set\": {\"title\": \"Ouf, la mise \\u00e0 jour \\u00e0 distance fonctionne de nouveau avec /e/OS et ces appareils\", \"url\": \"https://goodtech.info/ouf-la-mise-a-jour-a-distance-fonctionne-de-nouveau-avec-e-os-et-ces-appareils/\", \"date\": {\"$date\": \"2025-05-12T05:05:45+0200\"}, \"summary\": \"Murena tient \\u00e0 rassurer ses utilisateurs. Suite \\u00e0 une panne de l\\u2019infrastructure de stockage qui s\\u2019est produite fil y a quelques mois,\\u2026\", \"thumbnail_url\": \"https://i0.wp.com/goodtech.info/wp-content/uploads/2025/05/eos-murena-mise-a-jour.jpg?fit=768%2C302&ssl=1\"}}, \"upsert\": true}]}", "commandName": "update", "databaseName": "goodtech", "requestId": 424238335, "operationId": 424238335, "driverConnectionId": 1, "serverConnectionId": 123, "serverHost": "localhost", "serverPort": 27017}
2025-05-12 09:48:04 [pymongo.command] DEBUG: {"message": "Command succeeded", "clientId": {"$oid": "6821a7b2a1c81327d0a7cd5e"}, "durationMS": 0.705, "reply": "{\"n\": 1, \"upserted\": [{\"_id\": {\"$oid\": \"6821a7b4ade6bb2659755c5b\"}}], \"ok\": 1.0}", "commandName": "update", "databaseName": "goodtech", "requestId": 424238335, "operationId": 424238335, "driverConnectionId": 1, "serverConnectionId": 123, "serverHost": "localhost", "serverPort": 27017}
2025-05-12 09:48:04 [pymongo.connection] DEBUG: {"message": "Connection checked in", "clientId": {"$oid": "6821a7b2a1c81327d0a7cd5e"}, "serverHost": "localhost", "serverPort": 27017, "driverConnectionId": 1}
2025-05-12 09:48:04 [scrapy.core.scraper] DEBUG: Scraped from <200 https://goodtech.info/>
{'title': 'Ouf, la mise à jour à distance fonctionne de nouveau avec /e/OS et ces appareils', 'url': 'https://goodtech.info/ouf-la-mise-a-jour-a-distance-fonctionne-de-nouveau-avec-e-os-et-ces-appareils/', 'date': datetime.datetime(2025, 5, 12, 5, 5, 45, tzinfo=datetime.timezone(datetime.timedelta(seconds=7200))), 'summary': 'Murena tient à rassurer ses utilisateurs. Suite à une panne de l’infrastructure de stockage qui s’est produite fil y a quelques mois,…', 'thumbnail_url': 'https://i0.wp.com/goodtech.info/wp-content/uploads/2025/05/eos-murena-mise-a-jour.jpg?fit=768%2C302&ssl=1'}
2025-05-12 09:48:04 [pymongo.serverSelection] DEBUG: {"message": "Server selection started", "selector": "<function writable_server_selector at 0x7b940a5911c0>", "operation": "update", "topologyDescription": "<TopologyDescription id: 6821a7b2a1c81327d0a7cd5e, topology_type: Single, servers: [<ServerDescription ('localhost', 27017) server_type: Standalone, rtt: 0.00300467999841203>]>", "clientId": {"$oid": "6821a7b2a1c81327d0a7cd5e"}}
2025-05-12 09:48:04 [pymongo.serverSelection] DEBUG: {"message": "Server selection succeeded", "selector": "<function writable_server_selector at 0x7b940a5911c0>", "operation": "update", "topologyDescription": "<TopologyDescription id: 6821a7b2a1c81327d0a7cd5e, topology_type: Single, servers: [<ServerDescription ('localhost', 27017) server_type: Standalone, rtt: 0.00300467999841203>]>", "clientId": {"$oid": "6821a7b2a1c81327d0a7cd5e"}, "serverHost": "localhost", "serverPort": 27017}
2025-05-12 09:48:04 [pymongo.connection] DEBUG: {"message": "Connection checkout started", "clientId": {"$oid": "6821a7b2a1c81327d0a7cd5e"}, "serverHost": "localhost", "serverPort": 27017}
2025-05-12 09:48:04 [pymongo.connection] DEBUG: {"message": "Connection checked out", "clientId": {"$oid": "6821a7b2a1c81327d0a7cd5e"}, "serverHost": "localhost", "serverPort": 27017, "driverConnectionId": 1, "durationMS": 7.647100210306235e-05}
2025-05-12 09:48:04 [pymongo.command] DEBUG: {"message": "Command started", "clientId": {"$oid": "6821a7b2a1c81327d0a7cd5e"}, "command": "{\"update\": \"recent_articles\", \"ordered\": true, \"lsid\": {\"id\": {\"$binary\": {\"base64\": \"JrfMlOXvSPKJ/A+ks0XDRA==\", \"subType\": \"04\"}}}, \"$db\": \"goodtech\", \"updates\": [{\"q\": {\"url\": \"https://goodtech.info/votre-revue-de-presse-goodtech-ia-et-open-source-12-mai-2025/\"}, \"u\": {\"$set\": {\"title\": \"Votre revue de presse #GoodTech, IA et Open Source (12 mai 2025)\", \"url\": \"https://goodtech.info/votre-revue-de-presse-goodtech-ia-et-open-source-12-mai-2025/\", \"date\": {\"$date\": \"2025-05-12T02:12:38+0200\"}, \"summary\": \"Quels ont \\u00e9t\\u00e9 les articles qui ont attir\\u00e9 le regard de la r\\u00e9daction ces derniers jours dans les domaines de l\\u2019open source,\\u2026\", \"thumbnail_url\": \"https://i0.wp.com/goodtech.info/wp-content/uploads/2025/04/revue-presse-goodtech.png?fit=768%2C512&ssl=1\"}}, \"upsert\": true}]}", "commandName": "update", "databaseName": "goodtech", "requestId": 719885386, "operationId": 719885386, "driverConnectionId": 1, "serverConnectionId": 123, "serverHost": "localhost", "serverPort": 27017}
2025-05-12 09:48:04 [pymongo.command] DEBUG: {"message": "Command succeeded", "clientId": {"$oid": "6821a7b2a1c81327d0a7cd5e"}, "durationMS": 0.687, "reply": "{\"n\": 1, \"upserted\": [{\"_id\": {\"$oid\": \"6821a7b4ade6bb2659755c5d\"}}], \"ok\": 1.0}", "commandName": "update", "databaseName": "goodtech", "requestId": 719885386, "operationId": 719885386, "driverConnectionId": 1, "serverConnectionId": 123, "serverHost": "localhost", "serverPort": 27017}
2025-05-12 09:48:04 [pymongo.connection] DEBUG: {"message": "Connection checked in", "clientId": {"$oid": "6821a7b2a1c81327d0a7cd5e"}, "serverHost": "localhost", "serverPort": 27017, "driverConnectionId": 1}
2025-05-12 09:48:04 [scrapy.core.scraper] DEBUG: Scraped from <200 https://goodtech.info/>
{'title': 'Votre revue de presse #GoodTech, IA et Open Source (12 mai 2025)', 'url': 'https://goodtech.info/votre-revue-de-presse-goodtech-ia-et-open-source-12-mai-2025/', 'date': datetime.datetime(2025, 5, 12, 2, 12, 38, tzinfo=datetime.timezone(datetime.timedelta(seconds=7200))), 'summary': 'Quels ont été les articles qui ont attiré le regard de la rédaction ces derniers jours dans les domaines de l’open source,…', 'thumbnail_url': 'https://i0.wp.com/goodtech.info/wp-content/uploads/2025/04/revue-presse-goodtech.png?fit=768%2C512&ssl=1'}
2025-05-12 09:48:04 [pymongo.serverSelection] DEBUG: {"message": "Server selection started", "selector": "<function writable_server_selector at 0x7b940a5911c0>", "operation": "update", "topologyDescription": "<TopologyDescription id: 6821a7b2a1c81327d0a7cd5e, topology_type: Single, servers: [<ServerDescription ('localhost', 27017) server_type: Standalone, rtt: 0.00300467999841203>]>", "clientId": {"$oid": "6821a7b2a1c81327d0a7cd5e"}}
2025-05-12 09:48:04 [pymongo.serverSelection] DEBUG: {"message": "Server selection succeeded", "selector": "<function writable_server_selector at 0x7b940a5911c0>", "operation": "update", "topologyDescription": "<TopologyDescription id: 6821a7b2a1c81327d0a7cd5e, topology_type: Single, servers: [<ServerDescription ('localhost', 27017) server_type: Standalone, rtt: 0.00300467999841203>]>", "clientId": {"$oid": "6821a7b2a1c81327d0a7cd5e"}, "serverHost": "localhost", "serverPort": 27017}
2025-05-12 09:48:04 [pymongo.connection] DEBUG: {"message": "Connection checkout started", "clientId": {"$oid": "6821a7b2a1c81327d0a7cd5e"}, "serverHost": "localhost", "serverPort": 27017}
2025-05-12 09:48:04 [pymongo.connection] DEBUG: {"message": "Connection checked out", "clientId": {"$oid": "6821a7b2a1c81327d0a7cd5e"}, "serverHost": "localhost", "serverPort": 27017, "driverConnectionId": 1, "durationMS": 3.815300078713335e-05}
2025-05-12 09:48:04 [pymongo.command] DEBUG: {"message": "Command started", "clientId": {"$oid": "6821a7b2a1c81327d0a7cd5e"}, "command": "{\"update\": \"recent_articles\", \"ordered\": true, \"lsid\": {\"id\": {\"$binary\": {\"base64\": \"JrfMlOXvSPKJ/A+ks0XDRA==\", \"subType\": \"04\"}}}, \"$db\": \"goodtech\", \"updates\": [{\"q\": {\"url\": \"https://goodtech.info/ksuite-le-bouquet-de-services-cloud-ethique-fait-le-plein-de-nouveautes/\"}, \"u\": {\"$set\": {\"title\": \"Ksuite, le bouquet de services Cloud \\u00e9thique fait le plein de nouveaut\\u00e9s\", \"url\": \"https://goodtech.info/ksuite-le-bouquet-de-services-cloud-ethique-fait-le-plein-de-nouveautes/\", \"date\": {\"$date\": \"2025-05-12T01:55:25+0200\"}, \"summary\": \"L\\u2019entreprise suisse Infomaniak, toujours aussi engag\\u00e9e dans une approche \\u00e9thique du num\\u00e9rique, vient d\\u2019annoncer plusieurs am\\u00e9liorations sur ses services cloud. kSuite, sa\\u2026\", \"thumbnail_url\": \"https://i0.wp.com/goodtech.info/wp-content/uploads/2025/05/infomaniak-schedule-send.jpg?fit=768%2C294&ssl=1\"}}, \"upsert\": true}]}", "commandName": "update", "databaseName": "goodtech", "requestId": 1649760492, "operationId": 1649760492, "driverConnectionId": 1, "serverConnectionId": 123, "serverHost": "localhost", "serverPort": 27017}
2025-05-12 09:48:04 [pymongo.command] DEBUG: {"message": "Command succeeded", "clientId": {"$oid": "6821a7b2a1c81327d0a7cd5e"}, "durationMS": 0.481, "reply": "{\"n\": 1, \"upserted\": [{\"_id\": {\"$oid\": \"6821a7b4ade6bb2659755c5f\"}}], \"ok\": 1.0}", "commandName": "update", "databaseName": "goodtech", "requestId": 1649760492, "operationId": 1649760492, "driverConnectionId": 1, "serverConnectionId": 123, "serverHost": "localhost", "serverPort": 27017}
2025-05-12 09:48:04 [pymongo.connection] DEBUG: {"message": "Connection checked in", "clientId": {"$oid": "6821a7b2a1c81327d0a7cd5e"}, "serverHost": "localhost", "serverPort": 27017, "driverConnectionId": 1}
2025-05-12 09:48:04 [scrapy.core.scraper] DEBUG: Scraped from <200 https://goodtech.info/>
{'title': 'Ksuite, le bouquet de services Cloud éthique fait le plein de nouveautés', 'url': 'https://goodtech.info/ksuite-le-bouquet-de-services-cloud-ethique-fait-le-plein-de-nouveautes/', 'date': datetime.datetime(2025, 5, 12, 1, 55, 25, tzinfo=datetime.timezone(datetime.timedelta(seconds=7200))), 'summary': 'L’entreprise suisse Infomaniak, toujours aussi engagée dans une approche éthique du numérique, vient d’annoncer plusieurs améliorations sur ses services cloud. kSuite, sa…', 'thumbnail_url': 'https://i0.wp.com/goodtech.info/wp-content/uploads/2025/05/infomaniak-schedule-send.jpg?fit=768%2C294&ssl=1'}
2025-05-12 09:48:04 [pymongo.serverSelection] DEBUG: {"message": "Server selection started", "selector": "<function writable_server_selector at 0x7b940a5911c0>", "operation": "update", "topologyDescription": "<TopologyDescription id: 6821a7b2a1c81327d0a7cd5e, topology_type: Single, servers: [<ServerDescription ('localhost', 27017) server_type: Standalone, rtt: 0.00300467999841203>]>", "clientId": {"$oid": "6821a7b2a1c81327d0a7cd5e"}}
2025-05-12 09:48:04 [pymongo.serverSelection] DEBUG: {"message": "Server selection succeeded", "selector": "<function writable_server_selector at 0x7b940a5911c0>", "operation": "update", "topologyDescription": "<TopologyDescription id: 6821a7b2a1c81327d0a7cd5e, topology_type: Single, servers: [<ServerDescription ('localhost', 27017) server_type: Standalone, rtt: 0.00300467999841203>]>", "clientId": {"$oid": "6821a7b2a1c81327d0a7cd5e"}, "serverHost": "localhost", "serverPort": 27017}
2025-05-12 09:48:04 [pymongo.connection] DEBUG: {"message": "Connection checkout started", "clientId": {"$oid": "6821a7b2a1c81327d0a7cd5e"}, "serverHost": "localhost", "serverPort": 27017}
2025-05-12 09:48:04 [pymongo.connection] DEBUG: {"message": "Connection checked out", "clientId": {"$oid": "6821a7b2a1c81327d0a7cd5e"}, "serverHost": "localhost", "serverPort": 27017, "driverConnectionId": 1, "durationMS": 5.9894002333749086e-05}
2025-05-12 09:48:04 [pymongo.command] DEBUG: {"message": "Command started", "clientId": {"$oid": "6821a7b2a1c81327d0a7cd5e"}, "command": "{\"update\": \"recent_articles\", \"ordered\": true, \"lsid\": {\"id\": {\"$binary\": {\"base64\": \"JrfMlOXvSPKJ/A+ks0XDRA==\", \"subType\": \"04\"}}}, \"$db\": \"goodtech\", \"updates\": [{\"q\": {\"url\": \"https://goodtech.info/feuille-de-route-proton-ete-2025/\"}, \"u\": {\"$set\": {\"title\": \"Proton d\\u00e9voile la feuille de route de ses produits avant l\\u2019\\u00e9t\\u00e9\", \"url\": \"https://goodtech.info/feuille-de-route-proton-ete-2025/\", \"date\": {\"$date\": \"2025-05-12T00:46:08+0200\"}, \"summary\": \"Proton a publi\\u00e9 cette semaine la feuille de route de ses principaux services pour le printemps et l\\u2019\\u00e9t\\u00e9 2025. L\\u2019objectif : informer\\u2026\", \"thumbnail_url\": \"https://i0.wp.com/goodtech.info/wp-content/uploads/2025/05/image-transformation.png?fit=768%2C384&ssl=1\"}}, \"upsert\": true}]}", "commandName": "update", "databaseName": "goodtech", "requestId": 596516649, "operationId": 596516649, "driverConnectionId": 1, "serverConnectionId": 123, "serverHost": "localhost", "serverPort": 27017}
2025-05-12 09:48:04 [pymongo.command] DEBUG: {"message": "Command succeeded", "clientId": {"$oid": "6821a7b2a1c81327d0a7cd5e"}, "durationMS": 0.399, "reply": "{\"n\": 1, \"upserted\": [{\"_id\": {\"$oid\": \"6821a7b4ade6bb2659755c61\"}}], \"ok\": 1.0}", "commandName": "update", "databaseName": "goodtech", "requestId": 596516649, "operationId": 596516649, "driverConnectionId": 1, "serverConnectionId": 123, "serverHost": "localhost", "serverPort": 27017}
2025-05-12 09:48:04 [pymongo.connection] DEBUG: {"message": "Connection checked in", "clientId": {"$oid": "6821a7b2a1c81327d0a7cd5e"}, "serverHost": "localhost", "serverPort": 27017, "driverConnectionId": 1}
2025-05-12 09:48:04 [scrapy.core.scraper] DEBUG: Scraped from <200 https://goodtech.info/>
{'title': 'Proton dévoile la feuille de route de ses produits avant l’été', 'url': 'https://goodtech.info/feuille-de-route-proton-ete-2025/', 'date': datetime.datetime(2025, 5, 12, 0, 46, 8, tzinfo=datetime.timezone(datetime.timedelta(seconds=7200))), 'summary': 'Proton a publié cette semaine la feuille de route de ses principaux services pour le printemps et l’été 2025. L’objectif : informer…', 'thumbnail_url': 'https://i0.wp.com/goodtech.info/wp-content/uploads/2025/05/image-transformation.png?fit=768%2C384&ssl=1'}
2025-05-12 09:48:04 [pymongo.serverSelection] DEBUG: {"message": "Server selection started", "selector": "<function writable_server_selector at 0x7b940a5911c0>", "operation": "update", "topologyDescription": "<TopologyDescription id: 6821a7b2a1c81327d0a7cd5e, topology_type: Single, servers: [<ServerDescription ('localhost', 27017) server_type: Standalone, rtt: 0.00300467999841203>]>", "clientId": {"$oid": "6821a7b2a1c81327d0a7cd5e"}}
2025-05-12 09:48:04 [pymongo.serverSelection] DEBUG: {"message": "Server selection succeeded", "selector": "<function writable_server_selector at 0x7b940a5911c0>", "operation": "update", "topologyDescription": "<TopologyDescription id: 6821a7b2a1c81327d0a7cd5e, topology_type: Single, servers: [<ServerDescription ('localhost', 27017) server_type: Standalone, rtt: 0.00300467999841203>]>", "clientId": {"$oid": "6821a7b2a1c81327d0a7cd5e"}, "serverHost": "localhost", "serverPort": 27017}
2025-05-12 09:48:04 [pymongo.connection] DEBUG: {"message": "Connection checkout started", "clientId": {"$oid": "6821a7b2a1c81327d0a7cd5e"}, "serverHost": "localhost", "serverPort": 27017}
2025-05-12 09:48:04 [pymongo.connection] DEBUG: {"message": "Connection checked out", "clientId": {"$oid": "6821a7b2a1c81327d0a7cd5e"}, "serverHost": "localhost", "serverPort": 27017, "driverConnectionId": 1, "durationMS": 4.372100011096336e-05}
2025-05-12 09:48:04 [pymongo.command] DEBUG: {"message": "Command started", "clientId": {"$oid": "6821a7b2a1c81327d0a7cd5e"}, "command": "{\"update\": \"recent_articles\", \"ordered\": true, \"lsid\": {\"id\": {\"$binary\": {\"base64\": \"JrfMlOXvSPKJ/A+ks0XDRA==\", \"subType\": \"04\"}}}, \"$db\": \"goodtech\", \"updates\": [{\"q\": {\"url\": \"https://goodtech.info/comment-lia-se-positionne-en-partenaire-des-responsables-conformite/\"}, \"u\": {\"$set\": {\"title\": \"Comment l\\u2019IA se positionne en partenaire des responsables conformit\\u00e9\", \"url\": \"https://goodtech.info/comment-lia-se-positionne-en-partenaire-des-responsables-conformite/\", \"date\": {\"$date\": \"2025-05-12T00:02:26+0200\"}, \"summary\": \"Plus que jamais, la conformit\\u00e9 r\\u00e9glementaire vient bousculer les pratiques des entreprises : NIS2, DORA\\u2026 Dans ce contexte, les entreprises doivent se\\u2026\", \"thumbnail_url\": \"https://i0.wp.com/goodtech.info/wp-content/uploads/2025/01/irs-facial-recognition-id.me_.jpg?fit=768%2C432&ssl=1\"}}, \"upsert\": true}]}", "commandName": "update", "databaseName": "goodtech", "requestId": 1189641421, "operationId": 1189641421, "driverConnectionId": 1, "serverConnectionId": 123, "serverHost": "localhost", "serverPort": 27017}
2025-05-12 09:48:04 [pymongo.command] DEBUG: {"message": "Command succeeded", "clientId": {"$oid": "6821a7b2a1c81327d0a7cd5e"}, "durationMS": 0.392, "reply": "{\"n\": 1, \"upserted\": [{\"_id\": {\"$oid\": \"6821a7b4ade6bb2659755c63\"}}], \"ok\": 1.0}", "commandName": "update", "databaseName": "goodtech", "requestId": 1189641421, "operationId": 1189641421, "driverConnectionId": 1, "serverConnectionId": 123, "serverHost": "localhost", "serverPort": 27017}
2025-05-12 09:48:04 [pymongo.connection] DEBUG: {"message": "Connection checked in", "clientId": {"$oid": "6821a7b2a1c81327d0a7cd5e"}, "serverHost": "localhost", "serverPort": 27017, "driverConnectionId": 1}
2025-05-12 09:48:04 [scrapy.core.scraper] DEBUG: Scraped from <200 https://goodtech.info/>
{'title': 'Comment l’IA se positionne en partenaire des responsables conformité', 'url': 'https://goodtech.info/comment-lia-se-positionne-en-partenaire-des-responsables-conformite/', 'date': datetime.datetime(2025, 5, 12, 0, 2, 26, tzinfo=datetime.timezone(datetime.timedelta(seconds=7200))), 'summary': 'Plus que jamais, la conformité réglementaire vient bousculer les pratiques des entreprises : NIS2, DORA… Dans ce contexte, les entreprises doivent se…', 'thumbnail_url': 'https://i0.wp.com/goodtech.info/wp-content/uploads/2025/01/irs-facial-recognition-id.me_.jpg?fit=768%2C432&ssl=1'}
2025-05-12 09:48:04 [pymongo.serverSelection] DEBUG: {"message": "Server selection started", "selector": "<function writable_server_selector at 0x7b940a5911c0>", "operation": "update", "topologyDescription": "<TopologyDescription id: 6821a7b2a1c81327d0a7cd5e, topology_type: Single, servers: [<ServerDescription ('localhost', 27017) server_type: Standalone, rtt: 0.00300467999841203>]>", "clientId": {"$oid": "6821a7b2a1c81327d0a7cd5e"}}
2025-05-12 09:48:04 [pymongo.serverSelection] DEBUG: {"message": "Server selection succeeded", "selector": "<function writable_server_selector at 0x7b940a5911c0>", "operation": "update", "topologyDescription": "<TopologyDescription id: 6821a7b2a1c81327d0a7cd5e, topology_type: Single, servers: [<ServerDescription ('localhost', 27017) server_type: Standalone, rtt: 0.00300467999841203>]>", "clientId": {"$oid": "6821a7b2a1c81327d0a7cd5e"}, "serverHost": "localhost", "serverPort": 27017}
2025-05-12 09:48:04 [pymongo.connection] DEBUG: {"message": "Connection checkout started", "clientId": {"$oid": "6821a7b2a1c81327d0a7cd5e"}, "serverHost": "localhost", "serverPort": 27017}
2025-05-12 09:48:04 [pymongo.connection] DEBUG: {"message": "Connection checked out", "clientId": {"$oid": "6821a7b2a1c81327d0a7cd5e"}, "serverHost": "localhost", "serverPort": 27017, "driverConnectionId": 1, "durationMS": 3.5483997635310516e-05}
2025-05-12 09:48:04 [pymongo.command] DEBUG: {"message": "Command started", "clientId": {"$oid": "6821a7b2a1c81327d0a7cd5e"}, "command": "{\"update\": \"recent_articles\", \"ordered\": true, \"lsid\": {\"id\": {\"$binary\": {\"base64\": \"JrfMlOXvSPKJ/A+ks0XDRA==\", \"subType\": \"04\"}}}, \"$db\": \"goodtech\", \"updates\": [{\"q\": {\"url\": \"https://goodtech.info/redis-retour-agpl-open-source/\"}, \"u\": {\"$set\": {\"title\": \"Finalement, Redis retourne \\u00e0 l\\u2019open source en AGPL : pourquoi ?\", \"url\": \"https://goodtech.info/redis-retour-agpl-open-source/\", \"date\": {\"$date\": \"2025-05-09T01:02:21+0200\"}, \"summary\": \"Un an apr\\u00e8s avoir tourn\\u00e9 le dos \\u00e0 l\\u2019open source, Redis fait volte-face. La base de donn\\u00e9es en m\\u00e9moire la plus utilis\\u00e9e\\u2026\", \"thumbnail_url\": \"https://i0.wp.com/goodtech.info/wp-content/uploads/2025/05/redis-valkey.png?fit=768%2C473&ssl=1\"}}, \"upsert\": true}]}", "commandName": "update", "databaseName": "goodtech", "requestId": 1025202362, "operationId": 1025202362, "driverConnectionId": 1, "serverConnectionId": 123, "serverHost": "localhost", "serverPort": 27017}
2025-05-12 09:48:04 [pymongo.command] DEBUG: {"message": "Command succeeded", "clientId": {"$oid": "6821a7b2a1c81327d0a7cd5e"}, "durationMS": 0.417, "reply": "{\"n\": 1, \"ok\": 1.0}", "commandName": "update", "databaseName": "goodtech", "requestId": 1025202362, "operationId": 1025202362, "driverConnectionId": 1, "serverConnectionId": 123, "serverHost": "localhost", "serverPort": 27017}
2025-05-12 09:48:04 [pymongo.connection] DEBUG: {"message": "Connection checked in", "clientId": {"$oid": "6821a7b2a1c81327d0a7cd5e"}, "serverHost": "localhost", "serverPort": 27017, "driverConnectionId": 1}
2025-05-12 09:48:04 [scrapy.core.scraper] DEBUG: Scraped from <200 https://goodtech.info/>
{'title': 'Finalement, Redis retourne à l’open source en AGPL : pourquoi ?', 'url': 'https://goodtech.info/redis-retour-agpl-open-source/', 'date': datetime.datetime(2025, 5, 9, 1, 2, 21, tzinfo=datetime.timezone(datetime.timedelta(seconds=7200))), 'summary': 'Un an après avoir tourné le dos à l’open source, Redis fait volte-face. La base de données en mémoire la plus utilisée…', 'thumbnail_url': 'https://i0.wp.com/goodtech.info/wp-content/uploads/2025/05/redis-valkey.png?fit=768%2C473&ssl=1'}
2025-05-12 09:48:04 [pymongo.serverSelection] DEBUG: {"message": "Server selection started", "selector": "<function writable_server_selector at 0x7b940a5911c0>", "operation": "update", "topologyDescription": "<TopologyDescription id: 6821a7b2a1c81327d0a7cd5e, topology_type: Single, servers: [<ServerDescription ('localhost', 27017) server_type: Standalone, rtt: 0.00300467999841203>]>", "clientId": {"$oid": "6821a7b2a1c81327d0a7cd5e"}}
2025-05-12 09:48:04 [pymongo.serverSelection] DEBUG: {"message": "Server selection succeeded", "selector": "<function writable_server_selector at 0x7b940a5911c0>", "operation": "update", "topologyDescription": "<TopologyDescription id: 6821a7b2a1c81327d0a7cd5e, topology_type: Single, servers: [<ServerDescription ('localhost', 27017) server_type: Standalone, rtt: 0.00300467999841203>]>", "clientId": {"$oid": "6821a7b2a1c81327d0a7cd5e"}, "serverHost": "localhost", "serverPort": 27017}
2025-05-12 09:48:04 [pymongo.connection] DEBUG: {"message": "Connection checkout started", "clientId": {"$oid": "6821a7b2a1c81327d0a7cd5e"}, "serverHost": "localhost", "serverPort": 27017}
2025-05-12 09:48:04 [pymongo.connection] DEBUG: {"message": "Connection checked out", "clientId": {"$oid": "6821a7b2a1c81327d0a7cd5e"}, "serverHost": "localhost", "serverPort": 27017, "driverConnectionId": 1, "durationMS": 4.97759974678047e-05}
2025-05-12 09:48:04 [pymongo.command] DEBUG: {"message": "Command started", "clientId": {"$oid": "6821a7b2a1c81327d0a7cd5e"}, "command": "{\"update\": \"recent_articles\", \"ordered\": true, \"lsid\": {\"id\": {\"$binary\": {\"base64\": \"JrfMlOXvSPKJ/A+ks0XDRA==\", \"subType\": \"04\"}}}, \"$db\": \"goodtech\", \"updates\": [{\"q\": {\"url\": \"https://goodtech.info/huggingface-agent-open-source-linux/\"}, \"u\": {\"$set\": {\"title\": \"Hugging Face lance un agent open source gratuit pour les t\\u00e2ches sous Linux\", \"url\": \"https://goodtech.info/huggingface-agent-open-source-linux/\", \"date\": {\"$date\": \"2025-05-09T00:46:15+0200\"}, \"summary\": \"Hugging Face, entreprise embl\\u00e9matique de l\\u2019open source en intelligence artificielle, vient de d\\u00e9voiler un nouvel outil : Open Computer Agent, un agent\\u2026\", \"thumbnail_url\": \"https://i0.wp.com/goodtech.info/wp-content/uploads/2025/05/Open-Computer-Agent.png?fit=768%2C512&ssl=1\"}}, \"upsert\": true}]}", "commandName": "update", "databaseName": "goodtech", "requestId": 1350490027, "operationId": 1350490027, "driverConnectionId": 1, "serverConnectionId": 123, "serverHost": "localhost", "serverPort": 27017}
2025-05-12 09:48:04 [pymongo.command] DEBUG: {"message": "Command succeeded", "clientId": {"$oid": "6821a7b2a1c81327d0a7cd5e"}, "durationMS": 0.35, "reply": "{\"n\": 1, \"ok\": 1.0}", "commandName": "update", "databaseName": "goodtech", "requestId": 1350490027, "operationId": 1350490027, "driverConnectionId": 1, "serverConnectionId": 123, "serverHost": "localhost", "serverPort": 27017}
2025-05-12 09:48:04 [pymongo.connection] DEBUG: {"message": "Connection checked in", "clientId": {"$oid": "6821a7b2a1c81327d0a7cd5e"}, "serverHost": "localhost", "serverPort": 27017, "driverConnectionId": 1}
2025-05-12 09:48:04 [scrapy.core.scraper] DEBUG: Scraped from <200 https://goodtech.info/>
{'title': 'Hugging Face lance un agent open source gratuit pour les tâches sous Linux', 'url': 'https://goodtech.info/huggingface-agent-open-source-linux/', 'date': datetime.datetime(2025, 5, 9, 0, 46, 15, tzinfo=datetime.timezone(datetime.timedelta(seconds=7200))), 'summary': 'Hugging Face, entreprise emblématique de l’open source en intelligence artificielle, vient de dévoiler un nouvel outil : Open Computer Agent, un agent…', 'thumbnail_url': 'https://i0.wp.com/goodtech.info/wp-content/uploads/2025/05/Open-Computer-Agent.png?fit=768%2C512&ssl=1'}
2025-05-12 09:48:04 [pymongo.serverSelection] DEBUG: {"message": "Server selection started", "selector": "<function writable_server_selector at 0x7b940a5911c0>", "operation": "update", "topologyDescription": "<TopologyDescription id: 6821a7b2a1c81327d0a7cd5e, topology_type: Single, servers: [<ServerDescription ('localhost', 27017) server_type: Standalone, rtt: 0.00300467999841203>]>", "clientId": {"$oid": "6821a7b2a1c81327d0a7cd5e"}}
2025-05-12 09:48:04 [pymongo.serverSelection] DEBUG: {"message": "Server selection succeeded", "selector": "<function writable_server_selector at 0x7b940a5911c0>", "operation": "update", "topologyDescription": "<TopologyDescription id: 6821a7b2a1c81327d0a7cd5e, topology_type: Single, servers: [<ServerDescription ('localhost', 27017) server_type: Standalone, rtt: 0.00300467999841203>]>", "clientId": {"$oid": "6821a7b2a1c81327d0a7cd5e"}, "serverHost": "localhost", "serverPort": 27017}
2025-05-12 09:48:04 [pymongo.connection] DEBUG: {"message": "Connection checkout started", "clientId": {"$oid": "6821a7b2a1c81327d0a7cd5e"}, "serverHost": "localhost", "serverPort": 27017}
2025-05-12 09:48:04 [pymongo.connection] DEBUG: {"message": "Connection checked out", "clientId": {"$oid": "6821a7b2a1c81327d0a7cd5e"}, "serverHost": "localhost", "serverPort": 27017, "driverConnectionId": 1, "durationMS": 3.3229000109713525e-05}
2025-05-12 09:48:04 [pymongo.command] DEBUG: {"message": "Command started", "clientId": {"$oid": "6821a7b2a1c81327d0a7cd5e"}, "command": "{\"update\": \"recent_articles\", \"ordered\": true, \"lsid\": {\"id\": {\"$binary\": {\"base64\": \"JrfMlOXvSPKJ/A+ks0XDRA==\", \"subType\": \"04\"}}}, \"$db\": \"goodtech\", \"updates\": [{\"q\": {\"url\": \"https://goodtech.info/test-oukitel-c1-android15/\"}, \"u\": {\"$set\": {\"title\": \"Test du smartphone pas cher Android Oukitel C1 (2025) \\u00e0 89\\u20ac\", \"url\": \"https://goodtech.info/test-oukitel-c1-android15/\", \"date\": {\"$date\": \"2025-05-09T00:04:42+0200\"}, \"summary\": \"\\u00c0 la recherche d\\u2019un smartphone pas cher Android ? Le dernier-n\\u00e9 de la gamme Oukitel, le mod\\u00e8le C1 de 2025, affiche un\\u2026\", \"thumbnail_url\": \"https://i0.wp.com/goodtech.info/wp-content/uploads/2025/04/oukitel-C1-header.png?fit=768%2C433&ssl=1\"}}, \"upsert\": true}]}", "commandName": "update", "databaseName": "goodtech", "requestId": 783368690, "operationId": 783368690, "driverConnectionId": 1, "serverConnectionId": 123, "serverHost": "localhost", "serverPort": 27017}
2025-05-12 09:48:04 [pymongo.command] DEBUG: {"message": "Command succeeded", "clientId": {"$oid": "6821a7b2a1c81327d0a7cd5e"}, "durationMS": 0.29500000000000004, "reply": "{\"n\": 1, \"nModified\": 1, \"ok\": 1.0}", "commandName": "update", "databaseName": "goodtech", "requestId": 783368690, "operationId": 783368690, "driverConnectionId": 1, "serverConnectionId": 123, "serverHost": "localhost", "serverPort": 27017}
2025-05-12 09:48:04 [pymongo.connection] DEBUG: {"message": "Connection checked in", "clientId": {"$oid": "6821a7b2a1c81327d0a7cd5e"}, "serverHost": "localhost", "serverPort": 27017, "driverConnectionId": 1}
2025-05-12 09:48:04 [scrapy.core.scraper] DEBUG: Scraped from <200 https://goodtech.info/>
{'title': 'Test du smartphone pas cher Android Oukitel C1 (2025) à 89€', 'url': 'https://goodtech.info/test-oukitel-c1-android15/', 'date': datetime.datetime(2025, 5, 9, 0, 4, 42, tzinfo=datetime.timezone(datetime.timedelta(seconds=7200))), 'summary': 'À la recherche d’un smartphone pas cher Android ? Le dernier-né de la gamme Oukitel, le modèle C1 de 2025, affiche un…', 'thumbnail_url': 'https://i0.wp.com/goodtech.info/wp-content/uploads/2025/04/oukitel-C1-header.png?fit=768%2C433&ssl=1'}
2025-05-12 09:48:04 [pymongo.serverSelection] DEBUG: {"message": "Server selection started", "selector": "<function writable_server_selector at 0x7b940a5911c0>", "operation": "update", "topologyDescription": "<TopologyDescription id: 6821a7b2a1c81327d0a7cd5e, topology_type: Single, servers: [<ServerDescription ('localhost', 27017) server_type: Standalone, rtt: 0.00300467999841203>]>", "clientId": {"$oid": "6821a7b2a1c81327d0a7cd5e"}}
2025-05-12 09:48:04 [pymongo.serverSelection] DEBUG: {"message": "Server selection succeeded", "selector": "<function writable_server_selector at 0x7b940a5911c0>", "operation": "update", "topologyDescription": "<TopologyDescription id: 6821a7b2a1c81327d0a7cd5e, topology_type: Single, servers: [<ServerDescription ('localhost', 27017) server_type: Standalone, rtt: 0.00300467999841203>]>", "clientId": {"$oid": "6821a7b2a1c81327d0a7cd5e"}, "serverHost": "localhost", "serverPort": 27017}
2025-05-12 09:48:04 [pymongo.connection] DEBUG: {"message": "Connection checkout started", "clientId": {"$oid": "6821a7b2a1c81327d0a7cd5e"}, "serverHost": "localhost", "serverPort": 27017}
2025-05-12 09:48:04 [pymongo.connection] DEBUG: {"message": "Connection checked out", "clientId": {"$oid": "6821a7b2a1c81327d0a7cd5e"}, "serverHost": "localhost", "serverPort": 27017, "driverConnectionId": 1, "durationMS": 3.371300044818781e-05}
2025-05-12 09:48:04 [pymongo.command] DEBUG: {"message": "Command started", "clientId": {"$oid": "6821a7b2a1c81327d0a7cd5e"}, "command": "{\"update\": \"recent_articles\", \"ordered\": true, \"lsid\": {\"id\": {\"$binary\": {\"base64\": \"JrfMlOXvSPKJ/A+ks0XDRA==\", \"subType\": \"04\"}}}, \"$db\": \"goodtech\", \"updates\": [{\"q\": {\"url\": \"https://goodtech.info/objectifs-de-la-sensibilisation-a-la-cybersecurite-comment-bien-les-identifier-pour-maximiser-limpact/\"}, \"u\": {\"$set\": {\"title\": \"Objectifs de la sensibilisation \u00e0 la cybers\u00e9curit\u00e9 : comment bien les identifier pour maximiser l\u2019impact\", \"url\": \"https://goodtech.info/objectifs-de-la-sensibilisation-a-la-cybersecurite-comment-bien-les-identifier-pour-maximiser-limpact/\", \"date\": {\"$date\": \"2025-05-09T00:02:14+0200\"}, \"summary\": \"Alors que les cybermenaces \u00e9voluent sans cesse, les entreprises doivent r\u00e9pondre \u00e0 une question d\u00e9cisive : comment sensibiliser efficacement leurs collaborateurs\u00a0?\u00a0La cl\u00e9\u2026\", \"thumbnail_url\": \"https://i0.wp.com/goodtech.info/wp-content/uploads/2024/01/inception-building.jpg?fit=768%2C432&ssl=1\"}}, \"upsert\":...", "commandName": "update", "databaseName": "goodtech", "requestId": 1102520059, "operationId": 1102520059, "driverConnectionId": 1, "serverConnectionId": 123, "serverHost": "localhost", "serverPort": 27017}
2025-05-12 09:48:04 [pymongo.command] DEBUG: {"message": "Command succeeded", "clientId": {"$oid": "6821a7b2a1c81327d0a7cd5e"}, "durationMS": 0.544, "reply": "{\"n\": 1, \"ok\": 1.0}", "commandName": "update", "databaseName": "goodtech", "requestId": 1102520059, "operationId": 1102520059, "driverConnectionId": 1, "serverConnectionId": 123, "serverHost": "localhost", "serverPort": 27017}
2025-05-12 09:48:04 [pymongo.connection] DEBUG: {"message": "Connection checked in", "clientId": {"$oid": "6821a7b2a1c81327d0a7cd5e"}, "serverHost": "localhost", "serverPort": 27017, "driverConnectionId": 1}
2025-05-12 09:48:04 [scrapy.core.scraper] DEBUG: Scraped from <200 https://goodtech.info/>
{'title': 'Objectifs de la sensibilisation à la cybersécurité : comment bien les identifier pour maximiser l’impact', 'url': 'https://goodtech.info/objectifs-de-la-sensibilisation-a-la-cybersecurite-comment-bien-les-identifier-pour-maximiser-limpact/', 'date': datetime.datetime(2025, 5, 9, 0, 2, 14, tzinfo=datetime.timezone(datetime.timedelta(seconds=7200))), 'summary': 'Alors que les cybermenaces évoluent sans cesse, les entreprises doivent répondre à une question décisive : comment sensibiliser efficacement leurs collaborateurs\xa0?\xa0La clé…', 'thumbnail_url': 'https://i0.wp.com/goodtech.info/wp-content/uploads/2024/01/inception-building.jpg?fit=768%2C432&ssl=1'}
2025-05-12 09:48:04 [pymongo.serverSelection] DEBUG: {"message": "Server selection started", "selector": "<function writable_server_selector at 0x7b940a5911c0>", "operation": "update", "topologyDescription": "<TopologyDescription id: 6821a7b2a1c81327d0a7cd5e, topology_type: Single, servers: [<ServerDescription ('localhost', 27017) server_type: Standalone, rtt: 0.00300467999841203>]>", "clientId": {"$oid": "6821a7b2a1c81327d0a7cd5e"}}
2025-05-12 09:48:04 [pymongo.serverSelection] DEBUG: {"message": "Server selection succeeded", "selector": "<function writable_server_selector at 0x7b940a5911c0>", "operation": "update", "topologyDescription": "<TopologyDescription id: 6821a7b2a1c81327d0a7cd5e, topology_type: Single, servers: [<ServerDescription ('localhost', 27017) server_type: Standalone, rtt: 0.00300467999841203>]>", "clientId": {"$oid": "6821a7b2a1c81327d0a7cd5e"}, "serverHost": "localhost", "serverPort": 27017}
2025-05-12 09:48:04 [pymongo.connection] DEBUG: {"message": "Connection checkout started", "clientId": {"$oid": "6821a7b2a1c81327d0a7cd5e"}, "serverHost": "localhost", "serverPort": 27017}
2025-05-12 09:48:04 [pymongo.connection] DEBUG: {"message": "Connection checked out", "clientId": {"$oid": "6821a7b2a1c81327d0a7cd5e"}, "serverHost": "localhost", "serverPort": 27017, "driverConnectionId": 1, "durationMS": 3.4340999263804406e-05}
2025-05-12 09:48:04 [pymongo.command] DEBUG: {"message": "Command started", "clientId": {"$oid": "6821a7b2a1c81327d0a7cd5e"}, "command": "{\"update\": \"recent_articles\", \"ordered\": true, \"lsid\": {\"id\": {\"$binary\": {\"base64\": \"JrfMlOXvSPKJ/A+ks0XDRA==\", \"subType\": \"04\"}}}, \"$db\": \"goodtech\", \"updates\": [{\"q\": {\"url\": \"https://goodtech.info/qui-heberge-les-emails-d-un-domaine/\"}, \"u\": {\"$set\": {\"title\": \"Qui h\\u00e9berge les mails ? Un outil simple pour le savoir\", \"url\": \"https://goodtech.info/qui-heberge-les-emails-d-un-domaine/\", \"date\": {\"$date\": \"2025-05-08T00:50:24+0200\"}, \"summary\": \"La souverainet\\u00e9 num\\u00e9rique est un enjeu dans les cercles professionnels et pour les politiques publiques. L\\u2019entreprise fran\\u00e7aise \\u00e9z\\u00e9o lance Qui h\\u00e9berge les\\u2026\", \"thumbnail_url\": \"https://i0.wp.com/goodtech.info/wp-content/uploads/2025/05/Qui-heberge-les-mails-de-ce-domaine-test.png?fit=768%2C393&ssl=1\"}}, \"upsert\": true}]}", "commandName": "update", "databaseName": "goodtech", "requestId": 2044897763, "operationId": 2044897763, "driverConnectionId": 1, "serverConnectionId": 123, "serverHost": "localhost", "serverPort": 27017}
2025-05-12 09:48:04 [pymongo.command] DEBUG: {"message": "Command succeeded", "clientId": {"$oid": "6821a7b2a1c81327d0a7cd5e"}, "durationMS": 0.213, "reply": "{\"n\": 1, \"ok\": 1.0}", "commandName": "update", "databaseName": "goodtech", "requestId": 2044897763, "operationId": 2044897763, "driverConnectionId": 1, "serverConnectionId": 123, "serverHost": "localhost", "serverPort": 27017}
2025-05-12 09:48:04 [pymongo.connection] DEBUG: {"message": "Connection checked in", "clientId": {"$oid": "6821a7b2a1c81327d0a7cd5e"}, "serverHost": "localhost", "serverPort": 27017, "driverConnectionId": 1}
2025-05-12 09:48:04 [scrapy.core.scraper] DEBUG: Scraped from <200 https://goodtech.info/>
{'title': 'Qui héberge les mails ? Un outil simple pour le savoir', 'url': 'https://goodtech.info/qui-heberge-les-emails-d-un-domaine/', 'date': datetime.datetime(2025, 5, 8, 0, 50, 24, tzinfo=datetime.timezone(datetime.timedelta(seconds=7200))), 'summary': 'La souveraineté numérique est un enjeu dans les cercles professionnels et pour les politiques publiques. L’entreprise française ézéo lance Qui héberge les…', 'thumbnail_url': 'https://i0.wp.com/goodtech.info/wp-content/uploads/2025/05/Qui-heberge-les-mails-de-ce-domaine-test.png?fit=768%2C393&ssl=1'}
2025-05-12 09:48:04 [pymongo.serverSelection] DEBUG: {"message": "Server selection started", "selector": "<function writable_server_selector at 0x7b940a5911c0>", "operation": "update", "topologyDescription": "<TopologyDescription id: 6821a7b2a1c81327d0a7cd5e, topology_type: Single, servers: [<ServerDescription ('localhost', 27017) server_type: Standalone, rtt: 0.00300467999841203>]>", "clientId": {"$oid": "6821a7b2a1c81327d0a7cd5e"}}
2025-05-12 09:48:04 [pymongo.serverSelection] DEBUG: {"message": "Server selection succeeded", "selector": "<function writable_server_selector at 0x7b940a5911c0>", "operation": "update", "topologyDescription": "<TopologyDescription id: 6821a7b2a1c81327d0a7cd5e, topology_type: Single, servers: [<ServerDescription ('localhost', 27017) server_type: Standalone, rtt: 0.00300467999841203>]>", "clientId": {"$oid": "6821a7b2a1c81327d0a7cd5e"}, "serverHost": "localhost", "serverPort": 27017}
2025-05-12 09:48:04 [pymongo.connection] DEBUG: {"message": "Connection checkout started", "clientId": {"$oid": "6821a7b2a1c81327d0a7cd5e"}, "serverHost": "localhost", "serverPort": 27017}
2025-05-12 09:48:04 [pymongo.connection] DEBUG: {"message": "Connection checked out", "clientId": {"$oid": "6821a7b2a1c81327d0a7cd5e"}, "serverHost": "localhost", "serverPort": 27017, "driverConnectionId": 1, "durationMS": 3.051800013054162e-05}
2025-05-12 09:48:04 [pymongo.command] DEBUG: {"message": "Command started", "clientId": {"$oid": "6821a7b2a1c81327d0a7cd5e"}, "command": "{\"update\": \"recent_articles\", \"ordered\": true, \"lsid\": {\"id\": {\"$binary\": {\"base64\": \"JrfMlOXvSPKJ/A+ks0XDRA==\", \"subType\": \"04\"}}}, \"$db\": \"goodtech\", \"updates\": [{\"q\": {\"url\": \"https://goodtech.info/voici-u4-500-bbs-le-nouveau-serveur-de-sauvegarde-integre-de-terramaster/\"}, \"u\": {\"$set\": {\"title\": \"U4-500 BBS, nouveau serveur de sauvegarde int\\u00e9gr\\u00e9 de TerraMaster\", \"url\": \"https://goodtech.info/voici-u4-500-bbs-le-nouveau-serveur-de-sauvegarde-integre-de-terramaster/\", \"date\": {\"$date\": \"2025-05-08T00:32:54+0200\"}, \"summary\": \"Le nouveau serveur de sauvegarde int\\u00e9gr\\u00e9 U4-500\\u00a0est un NAS rackable 1U \\u00e0 4 baies con\\u00e7u pour une protection robuste des donn\\u00e9es, la\\u2026\", \"thumbnail_url\": \"https://i0.wp.com/goodtech.info/wp-content/uploads/2025/05/0.jpeg?fit=768%2C394&ssl=1\"}}, \"upsert\": true}]}", "commandName": "update", "databaseName": "goodtech", "requestId": 1967513926, "operationId": 1967513926, "driverConnectionId": 1, "serverConnectionId": 123, "serverHost": "localhost", "serverPort": 27017}
2025-05-12 09:48:04 [pymongo.command] DEBUG: {"message": "Command succeeded", "clientId": {"$oid": "6821a7b2a1c81327d0a7cd5e"}, "durationMS": 0.22599999999999998, "reply": "{\"n\": 1, \"ok\": 1.0}", "commandName": "update", "databaseName": "goodtech", "requestId": 1967513926, "operationId": 1967513926, "driverConnectionId": 1, "serverConnectionId": 123, "serverHost": "localhost", "serverPort": 27017}
2025-05-12 09:48:04 [pymongo.connection] DEBUG: {"message": "Connection checked in", "clientId": {"$oid": "6821a7b2a1c81327d0a7cd5e"}, "serverHost": "localhost", "serverPort": 27017, "driverConnectionId": 1}
2025-05-12 09:48:04 [scrapy.core.scraper] DEBUG: Scraped from <200 https://goodtech.info/>
{'title': 'U4-500 BBS, nouveau serveur de sauvegarde intégré de TerraMaster', 'url': 'https://goodtech.info/voici-u4-500-bbs-le-nouveau-serveur-de-sauvegarde-integre-de-terramaster/', 'date': datetime.datetime(2025, 5, 8, 0, 32, 54, tzinfo=datetime.timezone(datetime.timedelta(seconds=7200))), 'summary': 'Le nouveau serveur de sauvegarde intégré U4-500\xa0est un NAS rackable 1U à 4 baies conçu pour une protection robuste des données, la…', 'thumbnail_url': 'https://i0.wp.com/goodtech.info/wp-content/uploads/2025/05/0.jpeg?fit=768%2C394&ssl=1'}
2025-05-12 09:48:04 [pymongo.serverSelection] DEBUG: {"message": "Server selection started", "selector": "<function writable_server_selector at 0x7b940a5911c0>", "operation": "update", "topologyDescription": "<TopologyDescription id: 6821a7b2a1c81327d0a7cd5e, topology_type: Single, servers: [<ServerDescription ('localhost', 27017) server_type: Standalone, rtt: 0.00300467999841203>]>", "clientId": {"$oid": "6821a7b2a1c81327d0a7cd5e"}}
2025-05-12 09:48:04 [pymongo.serverSelection] DEBUG: {"message": "Server selection succeeded", "selector": "<function writable_server_selector at 0x7b940a5911c0>", "operation": "update", "topologyDescription": "<TopologyDescription id: 6821a7b2a1c81327d0a7cd5e, topology_type: Single, servers: [<ServerDescription ('localhost', 27017) server_type: Standalone, rtt: 0.00300467999841203>]>", "clientId": {"$oid": "6821a7b2a1c81327d0a7cd5e"}, "serverHost": "localhost", "serverPort": 27017}
2025-05-12 09:48:04 [pymongo.connection] DEBUG: {"message": "Connection checkout started", "clientId": {"$oid": "6821a7b2a1c81327d0a7cd5e"}, "serverHost": "localhost", "serverPort": 27017}
2025-05-12 09:48:04 [pymongo.connection] DEBUG: {"message": "Connection checked out", "clientId": {"$oid": "6821a7b2a1c81327d0a7cd5e"}, "serverHost": "localhost", "serverPort": 27017, "driverConnectionId": 1, "durationMS": 2.9503000405384228e-05}
2025-05-12 09:48:04 [pymongo.command] DEBUG: {"message": "Command started", "clientId": {"$oid": "6821a7b2a1c81327d0a7cd5e"}, "command": "{\"update\": \"recent_articles\", \"ordered\": true, \"lsid\": {\"id\": {\"$binary\": {\"base64\": \"JrfMlOXvSPKJ/A+ks0XDRA==\", \"subType\": \"04\"}}}, \"$db\": \"goodtech\", \"updates\": [{\"q\": {\"url\": \"https://goodtech.info/ia-et-energie-une-fuite-en-avant-insoutenable/\"}, \"u\": {\"$set\": {\"title\": \"IA et \\u00e9nergie : une fuite en avant insoutenable ?\", \"url\": \"https://goodtech.info/ia-et-energie-une-fuite-en-avant-insoutenable/\", \"date\": {\"$date\": \"2025-05-08T00:01:35+0200\"}, \"summary\": \"Les mod\\u00e8les d\\u2019IA les plus r\\u00e9cents reposent sur des datacenters massifs, dont la consommation \\u00e9lectrique explose.\\u00a0 En 2022, ces infrastructures repr\\u00e9sentaient d\\u00e9j\\u00e0\\u2026\", \"thumbnail_url\": \"https://i0.wp.com/goodtech.info/wp-content/uploads/2016/03/datacenter-a11.jpg?fit=560%2C374&ssl=1\"}}, \"upsert\": true}]}", "commandName": "update", "databaseName": "goodtech", "requestId": 1365180540, "operationId": 1365180540, "driverConnectionId": 1, "serverConnectionId": 123, "serverHost": "localhost", "serverPort": 27017}
2025-05-12 09:48:04 [pymongo.command] DEBUG: {"message": "Command succeeded", "clientId": {"$oid": "6821a7b2a1c81327d0a7cd5e"}, "durationMS": 0.22, "reply": "{\"n\": 1, \"ok\": 1.0}", "commandName": "update", "databaseName": "goodtech", "requestId": 1365180540, "operationId": 1365180540, "driverConnectionId": 1, "serverConnectionId": 123, "serverHost": "localhost", "serverPort": 27017}
2025-05-12 09:48:04 [pymongo.connection] DEBUG: {"message": "Connection checked in", "clientId": {"$oid": "6821a7b2a1c81327d0a7cd5e"}, "serverHost": "localhost", "serverPort": 27017, "driverConnectionId": 1}
2025-05-12 09:48:04 [scrapy.core.scraper] DEBUG: Scraped from <200 https://goodtech.info/>
{'title': 'IA et énergie : une fuite en avant insoutenable ?', 'url': 'https://goodtech.info/ia-et-energie-une-fuite-en-avant-insoutenable/', 'date': datetime.datetime(2025, 5, 8, 0, 1, 35, tzinfo=datetime.timezone(datetime.timedelta(seconds=7200))), 'summary': 'Les modèles d’IA les plus récents reposent sur des datacenters massifs, dont la consommation électrique explose.\xa0 En 2022, ces infrastructures représentaient déjà…', 'thumbnail_url': 'https://i0.wp.com/goodtech.info/wp-content/uploads/2016/03/datacenter-a11.jpg?fit=560%2C374&ssl=1'}
2025-05-12 09:48:04 [pymongo.serverSelection] DEBUG: {"message": "Server selection started", "selector": "<function writable_server_selector at 0x7b940a5911c0>", "operation": "update", "topologyDescription": "<TopologyDescription id: 6821a7b2a1c81327d0a7cd5e, topology_type: Single, servers: [<ServerDescription ('localhost', 27017) server_type: Standalone, rtt: 0.00300467999841203>]>", "clientId": {"$oid": "6821a7b2a1c81327d0a7cd5e"}}
2025-05-12 09:48:04 [pymongo.serverSelection] DEBUG: {"message": "Server selection succeeded", "selector": "<function writable_server_selector at 0x7b940a5911c0>", "operation": "update", "topologyDescription": "<TopologyDescription id: 6821a7b2a1c81327d0a7cd5e, topology_type: Single, servers: [<ServerDescription ('localhost', 27017) server_type: Standalone, rtt: 0.00300467999841203>]>", "clientId": {"$oid": "6821a7b2a1c81327d0a7cd5e"}, "serverHost": "localhost", "serverPort": 27017}
2025-05-12 09:48:04 [pymongo.connection] DEBUG: {"message": "Connection checkout started", "clientId": {"$oid": "6821a7b2a1c81327d0a7cd5e"}, "serverHost": "localhost", "serverPort": 27017}
2025-05-12 09:48:04 [pymongo.connection] DEBUG: {"message": "Connection checked out", "clientId": {"$oid": "6821a7b2a1c81327d0a7cd5e"}, "serverHost": "localhost", "serverPort": 27017, "driverConnectionId": 1, "durationMS": 3.275500057497993e-05}
2025-05-12 09:48:04 [pymongo.command] DEBUG: {"message": "Command started", "clientId": {"$oid": "6821a7b2a1c81327d0a7cd5e"}, "command": "{\"update\": \"recent_articles\", \"ordered\": true, \"lsid\": {\"id\": {\"$binary\": {\"base64\": \"JrfMlOXvSPKJ/A+ks0XDRA==\", \"subType\": \"04\"}}}, \"$db\": \"goodtech\", \"updates\": [{\"q\": {\"url\": \"https://goodtech.info/ubuntu-server-pret-linuxone-5/\"}, \"u\": {\"$set\": {\"title\": \"Ubuntu Server d\\u00e9j\\u00e0 pr\\u00eat pour le nouvel IBM LinuxONE 5\", \"url\": \"https://goodtech.info/ubuntu-server-pret-linuxone-5/\", \"date\": {\"$date\": \"2025-05-07T00:35:49+0200\"}, \"summary\": \"IBM vient d\\u2019annoncer la sortie de son dernier serveur : le LinuxONE Emperor 5, cinqui\\u00e8me g\\u00e9n\\u00e9ration de cette plateforme pens\\u00e9e pour les\\u2026\", \"thumbnail_url\": \"https://i0.wp.com/goodtech.info/wp-content/uploads/2025/05/309.jpeg?fit=765%2C309&ssl=1\"}}, \"upsert\": true}]}", "commandName": "update", "databaseName": "goodtech", "requestId": 1540383426, "operationId": 1540383426, "driverConnectionId": 1, "serverConnectionId": 123, "serverHost": "localhost", "serverPort": 27017}
2025-05-12 09:48:04 [pymongo.command] DEBUG: {"message": "Command succeeded", "clientId": {"$oid": "6821a7b2a1c81327d0a7cd5e"}, "durationMS": 0.188, "reply": "{\"n\": 1, \"ok\": 1.0}", "commandName": "update", "databaseName": "goodtech", "requestId": 1540383426, "operationId": 1540383426, "driverConnectionId": 1, "serverConnectionId": 123, "serverHost": "localhost", "serverPort": 27017}
2025-05-12 09:48:04 [pymongo.connection] DEBUG: {"message": "Connection checked in", "clientId": {"$oid": "6821a7b2a1c81327d0a7cd5e"}, "serverHost": "localhost", "serverPort": 27017, "driverConnectionId": 1}
2025-05-12 09:48:04 [scrapy.core.scraper] DEBUG: Scraped from <200 https://goodtech.info/>
{'title': 'Ubuntu Server déjà prêt pour le nouvel IBM LinuxONE 5', 'url': 'https://goodtech.info/ubuntu-server-pret-linuxone-5/', 'date': datetime.datetime(2025, 5, 7, 0, 35, 49, tzinfo=datetime.timezone(datetime.timedelta(seconds=7200))), 'summary': 'IBM vient d’annoncer la sortie de son dernier serveur : le LinuxONE Emperor 5, cinquième génération de cette plateforme pensée pour les…', 'thumbnail_url': 'https://i0.wp.com/goodtech.info/wp-content/uploads/2025/05/309.jpeg?fit=765%2C309&ssl=1'}
2025-05-12 09:48:04 [pymongo.serverSelection] DEBUG: {"message": "Server selection started", "selector": "<function writable_server_selector at 0x7b940a5911c0>", "operation": "update", "topologyDescription": "<TopologyDescription id: 6821a7b2a1c81327d0a7cd5e, topology_type: Single, servers: [<ServerDescription ('localhost', 27017) server_type: Standalone, rtt: 0.00300467999841203>]>", "clientId": {"$oid": "6821a7b2a1c81327d0a7cd5e"}}
2025-05-12 09:48:04 [pymongo.serverSelection] DEBUG: {"message": "Server selection succeeded", "selector": "<function writable_server_selector at 0x7b940a5911c0>", "operation": "update", "topologyDescription": "<TopologyDescription id: 6821a7b2a1c81327d0a7cd5e, topology_type: Single, servers: [<ServerDescription ('localhost', 27017) server_type: Standalone, rtt: 0.00300467999841203>]>", "clientId": {"$oid": "6821a7b2a1c81327d0a7cd5e"}, "serverHost": "localhost", "serverPort": 27017}
2025-05-12 09:48:04 [pymongo.connection] DEBUG: {"message": "Connection checkout started", "clientId": {"$oid": "6821a7b2a1c81327d0a7cd5e"}, "serverHost": "localhost", "serverPort": 27017}
2025-05-12 09:48:04 [pymongo.connection] DEBUG: {"message": "Connection checked out", "clientId": {"$oid": "6821a7b2a1c81327d0a7cd5e"}, "serverHost": "localhost", "serverPort": 27017, "driverConnectionId": 1, "durationMS": 3.005899998242967e-05}
2025-05-12 09:48:04 [pymongo.command] DEBUG: {"message": "Command started", "clientId": {"$oid": "6821a7b2a1c81327d0a7cd5e"}, "command": "{\"update\": \"recent_articles\", \"ordered\": true, \"lsid\": {\"id\": {\"$binary\": {\"base64\": \"JrfMlOXvSPKJ/A+ks0XDRA==\", \"subType\": \"04\"}}}, \"$db\": \"goodtech\", \"updates\": [{\"q\": {\"url\": \"https://goodtech.info/mysql-9-3-nouveautes/\"}, \"u\": {\"$set\": {\"title\": \"MySQL 9.3.0 : toutes les nouveaut\\u00e9s qui vous attendent\", \"url\": \"https://goodtech.info/mysql-9-3-nouveautes/\", \"date\": {\"$date\": \"2025-05-07T00:23:20+0200\"}, \"summary\": \"MySQL 9.3.0 est officiellement disponible. Troisi\\u00e8me mise \\u00e0 jour majeure de la s\\u00e9rie 9.x, cette version introduit des am\\u00e9liorations significatives sur plusieurs\\u2026\", \"thumbnail_url\": \"https://i0.wp.com/goodtech.info/wp-content/uploads/2015/10/Mysql-server-logo-5d5.jpg?fit=700%2C390&ssl=1\"}}, \"upsert\": true}]}", "commandName": "update", "databaseName": "goodtech", "requestId": 304089172, "operationId": 304089172, "driverConnectionId": 1, "serverConnectionId": 123, "serverHost": "localhost", "serverPort": 27017}
2025-05-12 09:48:04 [pymongo.command] DEBUG: {"message": "Command succeeded", "clientId": {"$oid": "6821a7b2a1c81327d0a7cd5e"}, "durationMS": 0.217, "reply": "{\"n\": 1, \"ok\": 1.0}", "commandName": "update", "databaseName": "goodtech", "requestId": 304089172, "operationId": 304089172, "driverConnectionId": 1, "serverConnectionId": 123, "serverHost": "localhost", "serverPort": 27017}
2025-05-12 09:48:04 [pymongo.connection] DEBUG: {"message": "Connection checked in", "clientId": {"$oid": "6821a7b2a1c81327d0a7cd5e"}, "serverHost": "localhost", "serverPort": 27017, "driverConnectionId": 1}
2025-05-12 09:48:04 [scrapy.core.scraper] DEBUG: Scraped from <200 https://goodtech.info/>
{'title': 'MySQL 9.3.0 : toutes les nouveautés qui vous attendent', 'url': 'https://goodtech.info/mysql-9-3-nouveautes/', 'date': datetime.datetime(2025, 5, 7, 0, 23, 20, tzinfo=datetime.timezone(datetime.timedelta(seconds=7200))), 'summary': 'MySQL 9.3.0 est officiellement disponible. Troisième mise à jour majeure de la série 9.x, cette version introduit des améliorations significatives sur plusieurs…', 'thumbnail_url': 'https://i0.wp.com/goodtech.info/wp-content/uploads/2015/10/Mysql-server-logo-5d5.jpg?fit=700%2C390&ssl=1'}
2025-05-12 09:48:04 [pymongo.serverSelection] DEBUG: {"message": "Server selection started", "selector": "<function writable_server_selector at 0x7b940a5911c0>", "operation": "update", "topologyDescription": "<TopologyDescription id: 6821a7b2a1c81327d0a7cd5e, topology_type: Single, servers: [<ServerDescription ('localhost', 27017) server_type: Standalone, rtt: 0.00300467999841203>]>", "clientId": {"$oid": "6821a7b2a1c81327d0a7cd5e"}}
2025-05-12 09:48:04 [pymongo.serverSelection] DEBUG: {"message": "Server selection succeeded", "selector": "<function writable_server_selector at 0x7b940a5911c0>", "operation": "update", "topologyDescription": "<TopologyDescription id: 6821a7b2a1c81327d0a7cd5e, topology_type: Single, servers: [<ServerDescription ('localhost', 27017) server_type: Standalone, rtt: 0.00300467999841203>]>", "clientId": {"$oid": "6821a7b2a1c81327d0a7cd5e"}, "serverHost": "localhost", "serverPort": 27017}
2025-05-12 09:48:04 [pymongo.connection] DEBUG: {"message": "Connection checkout started", "clientId": {"$oid": "6821a7b2a1c81327d0a7cd5e"}, "serverHost": "localhost", "serverPort": 27017}
2025-05-12 09:48:04 [pymongo.connection] DEBUG: {"message": "Connection checked out", "clientId": {"$oid": "6821a7b2a1c81327d0a7cd5e"}, "serverHost": "localhost", "serverPort": 27017, "driverConnectionId": 1, "durationMS": 3.07120026263874e-05}
2025-05-12 09:48:04 [pymongo.command] DEBUG: {"message": "Command started", "clientId": {"$oid": "6821a7b2a1c81327d0a7cd5e"}, "command": "{\"update\": \"recent_articles\", \"ordered\": true, \"lsid\": {\"id\": {\"$binary\": {\"base64\": \"JrfMlOXvSPKJ/A+ks0XDRA==\", \"subType\": \"04\"}}}, \"$db\": \"goodtech\", \"updates\": [{\"q\": {\"url\": \"https://goodtech.info/lettre-ouverte-contre-protecteu/\"}, \"u\": {\"$set\": {\"title\": \"Chiffrement : une lettre ouverte contre ProtectEU\", \"url\": \"https://goodtech.info/lettre-ouverte-contre-protecteu/\", \"date\": {\"$date\": \"2025-05-07T00:12:49+0200\"}, \"summary\": \"Une nouvelle initiative de la Commission europ\\u00e9enne, baptis\\u00e9e ProtectEU, fait craindre \\u00e0 de nombreux experts une remise en cause de ce principe\\u2026\", \"thumbnail_url\": \"https://i0.wp.com/goodtech.info/wp-content/uploads/2025/05/lettre-ouverte-protectEU.png?fit=768%2C512&ssl=1\"}}, \"upsert\": true}]}", "commandName": "update", "databaseName": "goodtech", "requestId": 1303455736, "operationId": 1303455736, "driverConnectionId": 1, "serverConnectionId": 123, "serverHost": "localhost", "serverPort": 27017}
2025-05-12 09:48:04 [pymongo.command] DEBUG: {"message": "Command succeeded", "clientId": {"$oid": "6821a7b2a1c81327d0a7cd5e"}, "durationMS": 0.183, "reply": "{\"n\": 1, \"ok\": 1.0}", "commandName": "update", "databaseName": "goodtech", "requestId": 1303455736, "operationId": 1303455736, "driverConnectionId": 1, "serverConnectionId": 123, "serverHost": "localhost", "serverPort": 27017}
2025-05-12 09:48:04 [pymongo.connection] DEBUG: {"message": "Connection checked in", "clientId": {"$oid": "6821a7b2a1c81327d0a7cd5e"}, "serverHost": "localhost", "serverPort": 27017, "driverConnectionId": 1}
2025-05-12 09:48:04 [scrapy.core.scraper] DEBUG: Scraped from <200 https://goodtech.info/>
{'title': 'Chiffrement : une lettre ouverte contre ProtectEU', 'url': 'https://goodtech.info/lettre-ouverte-contre-protecteu/', 'date': datetime.datetime(2025, 5, 7, 0, 12, 49, tzinfo=datetime.timezone(datetime.timedelta(seconds=7200))), 'summary': 'Une nouvelle initiative de la Commission européenne, baptisée ProtectEU, fait craindre à de nombreux experts une remise en cause de ce principe…', 'thumbnail_url': 'https://i0.wp.com/goodtech.info/wp-content/uploads/2025/05/lettre-ouverte-protectEU.png?fit=768%2C512&ssl=1'}
2025-05-12 09:48:04 [pymongo.serverSelection] DEBUG: {"message": "Server selection started", "selector": "<function writable_server_selector at 0x7b940a5911c0>", "operation": "update", "topologyDescription": "<TopologyDescription id: 6821a7b2a1c81327d0a7cd5e, topology_type: Single, servers: [<ServerDescription ('localhost', 27017) server_type: Standalone, rtt: 0.00300467999841203>]>", "clientId": {"$oid": "6821a7b2a1c81327d0a7cd5e"}}
2025-05-12 09:48:04 [pymongo.serverSelection] DEBUG: {"message": "Server selection succeeded", "selector": "<function writable_server_selector at 0x7b940a5911c0>", "operation": "update", "topologyDescription": "<TopologyDescription id: 6821a7b2a1c81327d0a7cd5e, topology_type: Single, servers: [<ServerDescription ('localhost', 27017) server_type: Standalone, rtt: 0.00300467999841203>]>", "clientId": {"$oid": "6821a7b2a1c81327d0a7cd5e"}, "serverHost": "localhost", "serverPort": 27017}
2025-05-12 09:48:04 [pymongo.connection] DEBUG: {"message": "Connection checkout started", "clientId": {"$oid": "6821a7b2a1c81327d0a7cd5e"}, "serverHost": "localhost", "serverPort": 27017}
2025-05-12 09:48:04 [pymongo.connection] DEBUG: {"message": "Connection checked out", "clientId": {"$oid": "6821a7b2a1c81327d0a7cd5e"}, "serverHost": "localhost", "serverPort": 27017, "driverConnectionId": 1, "durationMS": 3.088000084972009e-05}
2025-05-12 09:48:04 [pymongo.command] DEBUG: {"message": "Command started", "clientId": {"$oid": "6821a7b2a1c81327d0a7cd5e"}, "command": "{\"update\": \"recent_articles\", \"ordered\": true, \"lsid\": {\"id\": {\"$binary\": {\"base64\": \"JrfMlOXvSPKJ/A+ks0XDRA==\", \"subType\": \"04\"}}}, \"$db\": \"goodtech\", \"updates\": [{\"q\": {\"url\": \"https://goodtech.info/ghost-mastodon-bluesky-profils-auteur/\"}, \"u\": {\"$set\": {\"title\": \"Mastodon, Bluesky : ils sont enfin disponibles avec le CMS Ghost\", \"url\": \"https://goodtech.info/ghost-mastodon-bluesky-profils-auteur/\", \"date\": {\"$date\": \"2025-05-07T00:02:18+0200\"}, \"summary\": \"Jusqu\\u2019ici, si vous utilisiez le CMS Ghost pour g\\u00e9rer votre site, vos profils d\\u2019auteur ne pouvaient contenir que des liens vers Facebook\\u2026\", \"thumbnail_url\": \"https://i0.wp.com/goodtech.info/wp-content/uploads/2025/05/Ghost-Social-Links.png?fit=768%2C402&ssl=1\"}}, \"upsert\": true}]}", "commandName": "update", "databaseName": "goodtech", "requestId": 35005211, "operationId": 35005211, "driverConnectionId": 1, "serverConnectionId": 123, "serverHost": "localhost", "serverPort": 27017}
2025-05-12 09:48:04 [pymongo.command] DEBUG: {"message": "Command succeeded", "clientId": {"$oid": "6821a7b2a1c81327d0a7cd5e"}, "durationMS": 0.22, "reply": "{\"n\": 1, \"ok\": 1.0}", "commandName": "update", "databaseName": "goodtech", "requestId": 35005211, "operationId": 35005211, "driverConnectionId": 1, "serverConnectionId": 123, "serverHost": "localhost", "serverPort": 27017}
2025-05-12 09:48:04 [pymongo.connection] DEBUG: {"message": "Connection checked in", "clientId": {"$oid": "6821a7b2a1c81327d0a7cd5e"}, "serverHost": "localhost", "serverPort": 27017, "driverConnectionId": 1}
2025-05-12 09:48:04 [scrapy.core.scraper] DEBUG: Scraped from <200 https://goodtech.info/>
{'title': 'Mastodon, Bluesky : ils sont enfin disponibles avec le CMS Ghost', 'url': 'https://goodtech.info/ghost-mastodon-bluesky-profils-auteur/', 'date': datetime.datetime(2025, 5, 7, 0, 2, 18, tzinfo=datetime.timezone(datetime.timedelta(seconds=7200))), 'summary': 'Jusqu’ici, si vous utilisiez le CMS Ghost pour gérer votre site, vos profils d’auteur ne pouvaient contenir que des liens vers Facebook…', 'thumbnail_url': 'https://i0.wp.com/goodtech.info/wp-content/uploads/2025/05/Ghost-Social-Links.png?fit=768%2C402&ssl=1'}
2025-05-12 09:48:04 [pymongo.serverSelection] DEBUG: {"message": "Server selection started", "selector": "<function writable_server_selector at 0x7b940a5911c0>", "operation": "update", "topologyDescription": "<TopologyDescription id: 6821a7b2a1c81327d0a7cd5e, topology_type: Single, servers: [<ServerDescription ('localhost', 27017) server_type: Standalone, rtt: 0.00300467999841203>]>", "clientId": {"$oid": "6821a7b2a1c81327d0a7cd5e"}}
2025-05-12 09:48:04 [pymongo.serverSelection] DEBUG: {"message": "Server selection succeeded", "selector": "<function writable_server_selector at 0x7b940a5911c0>", "operation": "update", "topologyDescription": "<TopologyDescription id: 6821a7b2a1c81327d0a7cd5e, topology_type: Single, servers: [<ServerDescription ('localhost', 27017) server_type: Standalone, rtt: 0.00300467999841203>]>", "clientId": {"$oid": "6821a7b2a1c81327d0a7cd5e"}, "serverHost": "localhost", "serverPort": 27017}
2025-05-12 09:48:04 [pymongo.connection] DEBUG: {"message": "Connection checkout started", "clientId": {"$oid": "6821a7b2a1c81327d0a7cd5e"}, "serverHost": "localhost", "serverPort": 27017}
2025-05-12 09:48:04 [pymongo.connection] DEBUG: {"message": "Connection checked out", "clientId": {"$oid": "6821a7b2a1c81327d0a7cd5e"}, "serverHost": "localhost", "serverPort": 27017, "driverConnectionId": 1, "durationMS": 3.299500167486258e-05}
2025-05-12 09:48:04 [pymongo.command] DEBUG: {"message": "Command started", "clientId": {"$oid": "6821a7b2a1c81327d0a7cd5e"}, "command": "{\"update\": \"recent_articles\", \"ordered\": true, \"lsid\": {\"id\": {\"$binary\": {\"base64\": \"JrfMlOXvSPKJ/A+ks0XDRA==\", \"subType\": \"04\"}}}, \"$db\": \"goodtech\", \"updates\": [{\"q\": {\"url\": \"https://goodtech.info/nats-io-cncg-synadia-accord-gouvernance-open-source/\"}, \"u\": {\"$set\": {\"title\": \"La CNCF et Synadia veulent p\\u00e9renniser le projet open sourceNATS.io\", \"url\": \"https://goodtech.info/nats-io-cncg-synadia-accord-gouvernance-open-source/\", \"date\": {\"$date\": \"2025-05-06T01:52:23+0200\"}, \"summary\": \"Le projet open source NATS.io, largement utilis\\u00e9 dans les infrastructures cloud natives, vient de franchir une \\u00e9tape importante pour garantir sa p\\u00e9rennit\\u00e9\\u2026.\", \"thumbnail_url\": \"https://i0.wp.com/goodtech.info/wp-content/uploads/2025/05/natsio.png?fit=768%2C378&ssl=1\"}}, \"upsert\": true}]}", "commandName": "update", "databaseName": "goodtech", "requestId": 521595368, "operationId": 521595368, "driverConnectionId": 1, "serverConnectionId": 123, "serverHost": "localhost", "serverPort": 27017}
2025-05-12 09:48:04 [pymongo.command] DEBUG: {"message": "Command succeeded", "clientId": {"$oid": "6821a7b2a1c81327d0a7cd5e"}, "durationMS": 0.242, "reply": "{\"n\": 1, \"ok\": 1.0}", "commandName": "update", "databaseName": "goodtech", "requestId": 521595368, "operationId": 521595368, "driverConnectionId": 1, "serverConnectionId": 123, "serverHost": "localhost", "serverPort": 27017}
2025-05-12 09:48:04 [pymongo.connection] DEBUG: {"message": "Connection checked in", "clientId": {"$oid": "6821a7b2a1c81327d0a7cd5e"}, "serverHost": "localhost", "serverPort": 27017, "driverConnectionId": 1}
2025-05-12 09:48:04 [scrapy.core.scraper] DEBUG: Scraped from <200 https://goodtech.info/>
{'title': 'La CNCF et Synadia veulent pérenniser le projet open sourceNATS.io', 'url': 'https://goodtech.info/nats-io-cncg-synadia-accord-gouvernance-open-source/', 'date': datetime.datetime(2025, 5, 6, 1, 52, 23, tzinfo=datetime.timezone(datetime.timedelta(seconds=7200))), 'summary': 'Le projet open source NATS.io, largement utilisé dans les infrastructures cloud natives, vient de franchir une étape importante pour garantir sa pérennité….', 'thumbnail_url': 'https://i0.wp.com/goodtech.info/wp-content/uploads/2025/05/natsio.png?fit=768%2C378&ssl=1'}
2025-05-12 09:48:04 [pymongo.serverSelection] DEBUG: {"message": "Server selection started", "selector": "<function writable_server_selector at 0x7b940a5911c0>", "operation": "update", "topologyDescription": "<TopologyDescription id: 6821a7b2a1c81327d0a7cd5e, topology_type: Single, servers: [<ServerDescription ('localhost', 27017) server_type: Standalone, rtt: 0.00300467999841203>]>", "clientId": {"$oid": "6821a7b2a1c81327d0a7cd5e"}}
2025-05-12 09:48:04 [pymongo.serverSelection] DEBUG: {"message": "Server selection succeeded", "selector": "<function writable_server_selector at 0x7b940a5911c0>", "operation": "update", "topologyDescription": "<TopologyDescription id: 6821a7b2a1c81327d0a7cd5e, topology_type: Single, servers: [<ServerDescription ('localhost', 27017) server_type: Standalone, rtt: 0.00300467999841203>]>", "clientId": {"$oid": "6821a7b2a1c81327d0a7cd5e"}, "serverHost": "localhost", "serverPort": 27017}
2025-05-12 09:48:04 [pymongo.connection] DEBUG: {"message": "Connection checkout started", "clientId": {"$oid": "6821a7b2a1c81327d0a7cd5e"}, "serverHost": "localhost", "serverPort": 27017}
2025-05-12 09:48:04 [pymongo.connection] DEBUG: {"message": "Connection checked out", "clientId": {"$oid": "6821a7b2a1c81327d0a7cd5e"}, "serverHost": "localhost", "serverPort": 27017, "driverConnectionId": 1, "durationMS": 3.0577000870835036e-05}
2025-05-12 09:48:04 [pymongo.command] DEBUG: {"message": "Command started", "clientId": {"$oid": "6821a7b2a1c81327d0a7cd5e"}, "command": "{\"update\": \"recent_articles\", \"ordered\": true, \"lsid\": {\"id\": {\"$binary\": {\"base64\": \"JrfMlOXvSPKJ/A+ks0XDRA==\", \"subType\": \"04\"}}}, \"$db\": \"goodtech\", \"updates\": [{\"q\": {\"url\": \"https://goodtech.info/greentech-forum-a-bruxelles-les-17-et-18-juin-2025/\"}, \"u\": {\"$set\": {\"title\": \"GreenTech Forum \\u00e0 Bruxelles les 17 et 18 juin 2025\", \"url\": \"https://goodtech.info/greentech-forum-a-bruxelles-les-17-et-18-juin-2025/\", \"date\": {\"$date\": \"2025-05-06T00:54:11+0200\"}, \"summary\": \"Le GreenTech Forum Brussels revient les 17 et 18 juin 2025 pour une nouvelle \\u00e9dition consacr\\u00e9e \\u00e0 l\\u2019informatique durable. L\\u2019\\u00e9v\\u00e9nement se tiendra\\u2026\", \"thumbnail_url\": \"https://i0.wp.com/goodtech.info/wp-content/uploads/2025/04/6704f7ccbcd3dd38bc1c6500_Design-sans-titre-2024-10-08T111330.920.png?fit=768%2C384&ssl=1\"}}, \"upsert\": true}]}", "commandName": "update", "databaseName": "goodtech", "requestId": 294702567, "operationId": 294702567, "driverConnectionId": 1, "serverConnectionId": 123, "serverHost": "localhost", "serverPort": 27017}
2025-05-12 09:48:04 [pymongo.command] DEBUG: {"message": "Command succeeded", "clientId": {"$oid": "6821a7b2a1c81327d0a7cd5e"}, "durationMS": 0.225, "reply": "{\"n\": 1, \"ok\": 1.0}", "commandName": "update", "databaseName": "goodtech", "requestId": 294702567, "operationId": 294702567, "driverConnectionId": 1, "serverConnectionId": 123, "serverHost": "localhost", "serverPort": 27017}
2025-05-12 09:48:04 [pymongo.connection] DEBUG: {"message": "Connection checked in", "clientId": {"$oid": "6821a7b2a1c81327d0a7cd5e"}, "serverHost": "localhost", "serverPort": 27017, "driverConnectionId": 1}
2025-05-12 09:48:04 [scrapy.core.scraper] DEBUG: Scraped from <200 https://goodtech.info/>
{'title': 'GreenTech Forum à Bruxelles les 17 et 18 juin 2025', 'url': 'https://goodtech.info/greentech-forum-a-bruxelles-les-17-et-18-juin-2025/', 'date': datetime.datetime(2025, 5, 6, 0, 54, 11, tzinfo=datetime.timezone(datetime.timedelta(seconds=7200))), 'summary': 'Le GreenTech Forum Brussels revient les 17 et 18 juin 2025 pour une nouvelle édition consacrée à l’informatique durable. L’événement se tiendra…', 'thumbnail_url': 'https://i0.wp.com/goodtech.info/wp-content/uploads/2025/04/6704f7ccbcd3dd38bc1c6500_Design-sans-titre-2024-10-08T111330.920.png?fit=768%2C384&ssl=1'}
2025-05-12 09:48:04 [pymongo.serverSelection] DEBUG: {"message": "Server selection started", "selector": "<function writable_server_selector at 0x7b940a5911c0>", "operation": "update", "topologyDescription": "<TopologyDescription id: 6821a7b2a1c81327d0a7cd5e, topology_type: Single, servers: [<ServerDescription ('localhost', 27017) server_type: Standalone, rtt: 0.00300467999841203>]>", "clientId": {"$oid": "6821a7b2a1c81327d0a7cd5e"}}
2025-05-12 09:48:04 [pymongo.serverSelection] DEBUG: {"message": "Server selection succeeded", "selector": "<function writable_server_selector at 0x7b940a5911c0>", "operation": "update", "topologyDescription": "<TopologyDescription id: 6821a7b2a1c81327d0a7cd5e, topology_type: Single, servers: [<ServerDescription ('localhost', 27017) server_type: Standalone, rtt: 0.00300467999841203>]>", "clientId": {"$oid": "6821a7b2a1c81327d0a7cd5e"}, "serverHost": "localhost", "serverPort": 27017}
2025-05-12 09:48:04 [pymongo.connection] DEBUG: {"message": "Connection checkout started", "clientId": {"$oid": "6821a7b2a1c81327d0a7cd5e"}, "serverHost": "localhost", "serverPort": 27017}
2025-05-12 09:48:04 [pymongo.connection] DEBUG: {"message": "Connection checked out", "clientId": {"$oid": "6821a7b2a1c81327d0a7cd5e"}, "serverHost": "localhost", "serverPort": 27017, "driverConnectionId": 1, "durationMS": 3.045899939024821e-05}
2025-05-12 09:48:04 [pymongo.command] DEBUG: {"message": "Command started", "clientId": {"$oid": "6821a7b2a1c81327d0a7cd5e"}, "command": "{\"update\": \"recent_articles\", \"ordered\": true, \"lsid\": {\"id\": {\"$binary\": {\"base64\": \"JrfMlOXvSPKJ/A+ks0XDRA==\", \"subType\": \"04\"}}}, \"$db\": \"goodtech\", \"updates\": [{\"q\": {\"url\": \"https://goodtech.info/mise-a-jour-libreoffice-25-2/\"}, \"u\": {\"$set\": {\"title\": \"Tout ce qu\\u2019il faut savoir sur LibreOffice 25.2.3\", \"url\": \"https://goodtech.info/mise-a-jour-libreoffice-25-2/\", \"date\": {\"$date\": \"2025-05-06T00:13:04+0200\"}, \"summary\": \"Lors de sa sortie en f\\u00e9vrier, LibreOffice 25.2 s\\u2019annon\\u00e7ait fi\\u00e8rement comme une mise \\u00e0 jour majeure de la suite bureautique open source\\u2026\", \"thumbnail_url\": \"https://i0.wp.com/goodtech.info/wp-content/uploads/2025/02/Capture-decran-2025-02-09-a-13.47.53.jpg?fit=768%2C395&ssl=1\"}}, \"upsert\": true}]}", "commandName": "update", "databaseName": "goodtech", "requestId": 1726956429, "operationId": 1726956429, "driverConnectionId": 1, "serverConnectionId": 123, "serverHost": "localhost", "serverPort": 27017}
2025-05-12 09:48:04 [pymongo.command] DEBUG: {"message": "Command succeeded", "clientId": {"$oid": "6821a7b2a1c81327d0a7cd5e"}, "durationMS": 0.29, "reply": "{\"n\": 1, \"ok\": 1.0}", "commandName": "update", "databaseName": "goodtech", "requestId": 1726956429, "operationId": 1726956429, "driverConnectionId": 1, "serverConnectionId": 123, "serverHost": "localhost", "serverPort": 27017}
2025-05-12 09:48:04 [pymongo.connection] DEBUG: {"message": "Connection checked in", "clientId": {"$oid": "6821a7b2a1c81327d0a7cd5e"}, "serverHost": "localhost", "serverPort": 27017, "driverConnectionId": 1}
2025-05-12 09:48:04 [scrapy.core.scraper] DEBUG: Scraped from <200 https://goodtech.info/>
{'title': 'Tout ce qu’il faut savoir sur LibreOffice 25.2.3', 'url': 'https://goodtech.info/mise-a-jour-libreoffice-25-2/', 'date': datetime.datetime(2025, 5, 6, 0, 13, 4, tzinfo=datetime.timezone(datetime.timedelta(seconds=7200))), 'summary': 'Lors de sa sortie en février, LibreOffice 25.2 s’annonçait fièrement comme une mise à jour majeure de la suite bureautique open source…', 'thumbnail_url': 'https://i0.wp.com/goodtech.info/wp-content/uploads/2025/02/Capture-decran-2025-02-09-a-13.47.53.jpg?fit=768%2C395&ssl=1'}
2025-05-12 09:48:04 [scrapy.core.engine] INFO: Closing spider (finished)
2025-05-12 09:48:04 [pymongo.serverSelection] DEBUG: {"message": "Server selection started", "selector": "PrimaryPreferred(tag_sets=None, max_staleness=-1, hedge=None)", "operation": "endSessions", "topologyDescription": "<TopologyDescription id: 6821a7b2a1c81327d0a7cd5e, topology_type: Single, servers: [<ServerDescription ('localhost', 27017) server_type: Standalone, rtt: 0.00300467999841203>]>", "clientId": {"$oid": "6821a7b2a1c81327d0a7cd5e"}}
2025-05-12 09:48:04 [pymongo.serverSelection] DEBUG: {"message": "Server selection succeeded", "selector": "PrimaryPreferred(tag_sets=None, max_staleness=-1, hedge=None)", "operation": "endSessions", "topologyDescription": "<TopologyDescription id: 6821a7b2a1c81327d0a7cd5e, topology_type: Single, servers: [<ServerDescription ('localhost', 27017) server_type: Standalone, rtt: 0.00300467999841203>]>", "clientId": {"$oid": "6821a7b2a1c81327d0a7cd5e"}, "serverHost": "localhost", "serverPort": 27017}
2025-05-12 09:48:04 [pymongo.connection] DEBUG: {"message": "Connection checkout started", "clientId": {"$oid": "6821a7b2a1c81327d0a7cd5e"}, "serverHost": "localhost", "serverPort": 27017}
2025-05-12 09:48:04 [pymongo.connection] DEBUG: {"message": "Connection checked out", "clientId": {"$oid": "6821a7b2a1c81327d0a7cd5e"}, "serverHost": "localhost", "serverPort": 27017, "driverConnectionId": 1, "durationMS": 4.068799898959696e-05}
2025-05-12 09:48:04 [pymongo.command] DEBUG: {"message": "Command started", "clientId": {"$oid": "6821a7b2a1c81327d0a7cd5e"}, "command": "{\"endSessions\": [{\"id\": {\"$binary\": {\"base64\": \"JrfMlOXvSPKJ/A+ks0XDRA==\", \"subType\": \"04\"}}}], \"$db\": \"admin\"}", "commandName": "endSessions", "databaseName": "admin", "requestId": 336465782, "operationId": 336465782, "driverConnectionId": 1, "serverConnectionId": 123, "serverHost": "localhost", "serverPort": 27017}
2025-05-12 09:48:04 [pymongo.command] DEBUG: {"message": "Command succeeded", "clientId": {"$oid": "6821a7b2a1c81327d0a7cd5e"}, "durationMS": 0.152, "reply": "{\"ok\": 1.0}", "commandName": "endSessions", "databaseName": "admin", "requestId": 336465782, "operationId": 336465782, "driverConnectionId": 1, "serverConnectionId": 123, "serverHost": "localhost", "serverPort": 27017}
2025-05-12 09:48:04 [pymongo.connection] DEBUG: {"message": "Connection checked in", "clientId": {"$oid": "6821a7b2a1c81327d0a7cd5e"}, "serverHost": "localhost", "serverPort": 27017, "driverConnectionId": 1}
2025-05-12 09:48:04 [pymongo.topology] DEBUG: {"message": "Stopped server monitoring", "topologyId": {"$oid": "6821a7b2a1c81327d0a7cd5e"}, "serverHost": "localhost", "serverPort": 27017}
2025-05-12 09:48:04 [pymongo.connection] DEBUG: {"message": "Connection closed", "clientId": {"$oid": "6821a7b2a1c81327d0a7cd5e"}, "serverHost": "localhost", "serverPort": 27017, "driverConnectionId": 1, "reason": "Connection pool was closed", "error": "poolClosed"}
2025-05-12 09:48:04 [pymongo.connection] DEBUG: {"message": "Connection pool closed", "clientId": {"$oid": "6821a7b2a1c81327d0a7cd5e"}, "serverHost": "localhost", "serverPort": 27017}
2025-05-12 09:48:04 [pymongo.topology] DEBUG: {"message": "Topology description changed", "topologyId": {"$oid": "6821a7b2a1c81327d0a7cd5e"}, "previousDescription": "<TopologyDescription id: 6821a7b2a1c81327d0a7cd5e, topology_type: Single, servers: [<ServerDescription ('localhost', 27017) server_type: Standalone, rtt: 0.00300467999841203>]>", "newDescription": "<TopologyDescription id: 6821a7b2a1c81327d0a7cd5e, topology_type: Single, servers: [<ServerDescription ('localhost', 27017) server_type: Unknown, rtt: None>]>"}
2025-05-12 09:48:04 [pymongo.topology] DEBUG: {"message": "Stopped topology monitoring", "topologyId": {"$oid": "6821a7b2a1c81327d0a7cd5e"}}
2025-05-12 09:48:04 [scrapy.statscollectors] INFO: Dumping Scrapy stats:
{'downloader/request_bytes': 438,
 'downloader/request_count': 2,
 'downloader/request_method_count/GET': 2,
 'downloader/response_bytes': 58052,
 'downloader/response_count': 2,
 'downloader/response_status_count/200': 2,
 'elapsed_time_seconds': 2.418712,
 'finish_reason': 'finished',
 'finish_time': datetime.datetime(2025, 5, 12, 7, 48, 4, 732750, tzinfo=datetime.timezone.utc),
 'httpcompression/response_bytes': 479208,
 'httpcompression/response_count': 2,
 'item_scraped_count': 20,
 'items_per_minute': 600.0,
 'log_count/DEBUG': 188,
 'log_count/INFO': 10,
 'memusage/max': 72212480,
 'memusage/startup': 72212480,
 'response_received_count': 2,
 'responses_per_minute': 60.0,
 'robotstxt/request_count': 1,
 'robotstxt/response_count': 1,
 'robotstxt/response_status_count/200': 1,
 'scheduler/dequeued': 1,
 'scheduler/dequeued/memory': 1,
 'scheduler/enqueued': 1,
 'scheduler/enqueued/memory': 1,
 'start_time': datetime.datetime(2025, 5, 12, 7, 48, 2, 314038, tzinfo=datetime.timezone.utc)}
2025-05-12 09:48:04 [scrapy.core.engine] INFO: Spider closed (finished)
2025-05-12 09:48:04 [pymongo.topology] DEBUG: {"message": "Server heartbeat failed", "topologyId": {"$oid": "6821a7b2a1c81327d0a7cd5e"}, "serverHost": "localhost", "serverPort": 27017, "awaited": true, "durationMS": 2502.845488997991, "failure": "\"_OperationCancelled('operation cancelled')\"", "driverConnectionId": 1}
